# JRE version: OpenJDK Runtime Environment Temurin-21.0.8+9 (21.0.8+9) (build 21.0.8+9-LTS)
# Java VM: OpenJDK 64-Bit Server VM Temurin-21.0.8+9 (21.0.8+9-LTS, mixed mode, sharing, tiered, compressed oops, compressed class ptrs, parallel gc, windows-amd64)
GC Precious Log:
 CardTable entry size: 512
 CPUs: 8 total, 8 available
 Memory: 7555M
 Large Page Support: Disabled
 NUMA Support: Disabled
 Compressed Oops: Enabled (32-bit)
 Alignments: Space 512K, Generation 512K, Heap 2M
 Heap Min Capacity: 100M
 Heap Initial Capacity: 100M
 Heap Max Capacity: 2G
 Pre-touch: Disabled
 Parallel Workers: 8
Heap:
 PSYoungGen      total 19968K, used 5078K [0x00000000d5580000, 0x00000000d6b80000, 0x0000000100000000)
  eden space 17920K, 22% used [0x00000000d5580000,0x00000000d597a7a8,0x00000000d6700000)
  from space 2048K, 49% used [0x00000000d6800000,0x00000000d68fb140,0x00000000d6a00000)
  to   space 1536K, 0% used [0x00000000d6a00000,0x00000000d6a00000,0x00000000d6b80000)
 ParOldGen       total 68608K, used 33280K [0x0000000080000000, 0x0000000084300000, 0x00000000d5580000)
  object space 68608K, 48% used [0x0000000080000000,0x00000000820802a0,0x0000000084300000)
 Metaspace       used 51333K, committed 52608K, reserved 1114112K
  class space    used 5611K, committed 6144K, reserved 1048576K
GC Heap History (20 events):
Event: 12.763 GC heap before
{Heap before GC invocations=17 (full 2):
 PSYoungGen      total 23552K, used 496K [0x00000000d5580000, 0x00000000d7200000, 0x0000000100000000)
  eden space 22528K, 0% used [0x00000000d5580000,0x00000000d5580000,0x00000000d6b80000)
  from space 1024K, 48% used [0x00000000d7000000,0x00000000d707c008,0x00000000d7100000)
  to   space 1024K, 0% used [0x00000000d7100000,0x00000000d7100000,0x00000000d7200000)
 ParOldGen       total 68608K, used 19147K [0x0000000080000000, 0x0000000084300000, 0x00000000d5580000)
  object space 68608K, 27% used [0x0000000080000000,0x00000000812b2fa8,0x0000000084300000)
 Metaspace       used 35398K, committed 36480K, reserved 1114112K
  class space    used 3721K, committed 4160K, reserved 1048576K
}
Event: 12.847 GC heap after
{Heap after GC invocations=17 (full 2):
 PSYoungGen      total 23552K, used 0K [0x00000000d5580000, 0x00000000d7200000, 0x0000000100000000)
  eden space 22528K, 0% used [0x00000000d5580000,0x00000000d5580000,0x00000000d6b80000)
  from space 1024K, 0% used [0x00000000d7000000,0x00000000d7000000,0x00000000d7100000)
  to   space 1024K, 0% used [0x00000000d7100000,0x00000000d7100000,0x00000000d7200000)
 ParOldGen       total 68608K, used 18481K [0x0000000080000000, 0x0000000084300000, 0x00000000d5580000)
  object space 68608K, 26% used [0x0000000080000000,0x000000008120c568,0x0000000084300000)
 Metaspace       used 35398K, committed 36480K, reserved 1114112K
  class space    used 3721K, committed 4160K, reserved 1048576K
}
Event: 13.332 GC heap before
{Heap before GC invocations=18 (full 2):
 PSYoungGen      total 23552K, used 22527K [0x00000000d5580000, 0x00000000d7200000, 0x0000000100000000)
  eden space 22528K, 99% used [0x00000000d5580000,0x00000000d6b7fff8,0x00000000d6b80000)
  from space 1024K, 0% used [0x00000000d7000000,0x00000000d7000000,0x00000000d7100000)
  to   space 1024K, 0% used [0x00000000d7100000,0x00000000d7100000,0x00000000d7200000)
 ParOldGen       total 68608K, used 18483K [0x0000000080000000, 0x0000000084300000, 0x00000000d5580000)
  object space 68608K, 26% used [0x0000000080000000,0x000000008120ce68,0x0000000084300000)
 Metaspace       used 37433K, committed 38592K, reserved 1114112K
  class space    used 3996K, committed 4480K, reserved 1048576K
}
Event: 13.337 GC heap after
{Heap after GC invocations=18 (full 2):
 PSYoungGen      total 23040K, used 1008K [0x00000000d5580000, 0x00000000d7200000, 0x0000000100000000)
  eden space 22016K, 0% used [0x00000000d5580000,0x00000000d5580000,0x00000000d6b00000)
  from space 1024K, 98% used [0x00000000d7100000,0x00000000d71fc010,0x00000000d7200000)
  to   space 2560K, 0% used [0x00000000d6d00000,0x00000000d6d00000,0x00000000d6f80000)
 ParOldGen       total 68608K, used 19387K [0x0000000080000000, 0x0000000084300000, 0x00000000d5580000)
  object space 68608K, 28% used [0x0000000080000000,0x00000000812eee68,0x0000000084300000)
 Metaspace       used 37433K, committed 38592K, reserved 1114112K
  class space    used 3996K, committed 4480K, reserved 1048576K
}
Event: 13.809 GC heap before
{Heap before GC invocations=19 (full 2):
 PSYoungGen      total 23040K, used 23024K [0x00000000d5580000, 0x00000000d7200000, 0x0000000100000000)
  eden space 22016K, 100% used [0x00000000d5580000,0x00000000d6b00000,0x00000000d6b00000)
  from space 1024K, 98% used [0x00000000d7100000,0x00000000d71fc010,0x00000000d7200000)
  to   space 2560K, 0% used [0x00000000d6d00000,0x00000000d6d00000,0x00000000d6f80000)
 ParOldGen       total 68608K, used 19387K [0x0000000080000000, 0x0000000084300000, 0x00000000d5580000)
  object space 68608K, 28% used [0x0000000080000000,0x00000000812eee68,0x0000000084300000)
 Metaspace       used 39949K, committed 41216K, reserved 1114112K
  class space    used 4280K, committed 4800K, reserved 1048576K
}
Event: 13.814 GC heap after
{Heap after GC invocations=19 (full 2):
 PSYoungGen      total 24576K, used 1120K [0x00000000d5580000, 0x00000000d7180000, 0x0000000100000000)
  eden space 22016K, 0% used [0x00000000d5580000,0x00000000d5580000,0x00000000d6b00000)
  from space 2560K, 43% used [0x00000000d6d00000,0x00000000d6e18000,0x00000000d6f80000)
  to   space 1536K, 0% used [0x00000000d7000000,0x00000000d7000000,0x00000000d7180000)
 ParOldGen       total 68608K, used 20358K [0x0000000080000000, 0x0000000084300000, 0x00000000d5580000)
  object space 68608K, 29% used [0x0000000080000000,0x00000000813e1a68,0x0000000084300000)
 Metaspace       used 39949K, committed 41216K, reserved 1114112K
  class space    used 4280K, committed 4800K, reserved 1048576K
}
Event: 14.427 GC heap before
{Heap before GC invocations=20 (full 2):
 PSYoungGen      total 24576K, used 23136K [0x00000000d5580000, 0x00000000d7180000, 0x0000000100000000)
  eden space 22016K, 100% used [0x00000000d5580000,0x00000000d6b00000,0x00000000d6b00000)
  from space 2560K, 43% used [0x00000000d6d00000,0x00000000d6e18000,0x00000000d6f80000)
  to   space 1536K, 0% used [0x00000000d7000000,0x00000000d7000000,0x00000000d7180000)
 ParOldGen       total 68608K, used 20358K [0x0000000080000000, 0x0000000084300000, 0x00000000d5580000)
  object space 68608K, 29% used [0x0000000080000000,0x00000000813e1a68,0x0000000084300000)
 Metaspace       used 41669K, committed 42816K, reserved 1114112K
  class space    used 4490K, committed 4992K, reserved 1048576K
}
Event: 14.436 GC heap after
{Heap after GC invocations=20 (full 2):
 PSYoungGen      total 19456K, used 1530K [0x00000000d5580000, 0x00000000d7d00000, 0x0000000100000000)
  eden space 17920K, 0% used [0x00000000d5580000,0x00000000d5580000,0x00000000d6700000)
  from space 1536K, 99% used [0x00000000d7000000,0x00000000d717e818,0x00000000d7180000)
  to   space 9216K, 0% used [0x00000000d6700000,0x00000000d6700000,0x00000000d7000000)
 ParOldGen       total 68608K, used 26757K [0x0000000080000000, 0x0000000084300000, 0x00000000d5580000)
  object space 68608K, 39% used [0x0000000080000000,0x0000000081a217e0,0x0000000084300000)
 Metaspace       used 41669K, committed 42816K, reserved 1114112K
  class space    used 4490K, committed 4992K, reserved 1048576K
}
Event: 15.282 GC heap before
{Heap before GC invocations=21 (full 2):
 PSYoungGen      total 19456K, used 19450K [0x00000000d5580000, 0x00000000d7d00000, 0x0000000100000000)
  eden space 17920K, 100% used [0x00000000d5580000,0x00000000d6700000,0x00000000d6700000)
  from space 1536K, 99% used [0x00000000d7000000,0x00000000d717e818,0x00000000d7180000)
  to   space 9216K, 0% used [0x00000000d6700000,0x00000000d6700000,0x00000000d7000000)
 ParOldGen       total 68608K, used 26757K [0x0000000080000000, 0x0000000084300000, 0x00000000d5580000)
  object space 68608K, 39% used [0x0000000080000000,0x0000000081a217e0,0x0000000084300000)
 Metaspace       used 43809K, committed 45056K, reserved 1114112K
  class space    used 4783K, committed 5312K, reserved 1048576K
}
Event: 15.288 GC heap after
{Heap after GC invocations=21 (full 2):
 PSYoungGen      total 19456K, used 1152K [0x00000000d5580000, 0x00000000d7080000, 0x0000000100000000)
  eden space 17920K, 0% used [0x00000000d5580000,0x00000000d5580000,0x00000000d6700000)
  from space 1536K, 75% used [0x00000000d6700000,0x00000000d6820000,0x00000000d6880000)
  to   space 4096K, 0% used [0x00000000d6c80000,0x00000000d6c80000,0x00000000d7080000)
 ParOldGen       total 68608K, used 28302K [0x0000000080000000, 0x0000000084300000, 0x00000000d5580000)
  object space 68608K, 41% used [0x0000000080000000,0x0000000081ba3a18,0x0000000084300000)
 Metaspace       used 43809K, committed 45056K, reserved 1114112K
  class space    used 4783K, committed 5312K, reserved 1048576K
}
Event: 18.303 GC heap before
{Heap before GC invocations=22 (full 2):
 PSYoungGen      total 19456K, used 19072K [0x00000000d5580000, 0x00000000d7080000, 0x0000000100000000)
  eden space 17920K, 100% used [0x00000000d5580000,0x00000000d6700000,0x00000000d6700000)
  from space 1536K, 75% used [0x00000000d6700000,0x00000000d6820000,0x00000000d6880000)
  to   space 4096K, 0% used [0x00000000d6c80000,0x00000000d6c80000,0x00000000d7080000)
 ParOldGen       total 68608K, used 28302K [0x0000000080000000, 0x0000000084300000, 0x00000000d5580000)
  object space 68608K, 41% used [0x0000000080000000,0x0000000081ba3a18,0x0000000084300000)
 Metaspace       used 45861K, committed 47104K, reserved 1114112K
  class space    used 5028K, committed 5568K, reserved 1048576K
}
Event: 18.310 GC heap after
{Heap after GC invocations=22 (full 2):
 PSYoungGen      total 19456K, used 1385K [0x00000000d5580000, 0x00000000d6e00000, 0x0000000100000000)
  eden space 17920K, 0% used [0x00000000d5580000,0x00000000d5580000,0x00000000d6700000)
  from space 1536K, 90% used [0x00000000d6c80000,0x00000000d6dda600,0x00000000d6e00000)
  to   space 2048K, 0% used [0x00000000d6a00000,0x00000000d6a00000,0x00000000d6c00000)
 ParOldGen       total 68608K, used 29290K [0x0000000080000000, 0x0000000084300000, 0x00000000d5580000)
  object space 68608K, 42% used [0x0000000080000000,0x0000000081c9aa28,0x0000000084300000)
 Metaspace       used 45861K, committed 47104K, reserved 1114112K
  class space    used 5028K, committed 5568K, reserved 1048576K
}
Event: 20.271 GC heap before
{Heap before GC invocations=23 (full 2):
 PSYoungGen      total 19456K, used 19305K [0x00000000d5580000, 0x00000000d6e00000, 0x0000000100000000)
  eden space 17920K, 100% used [0x00000000d5580000,0x00000000d6700000,0x00000000d6700000)
  from space 1536K, 90% used [0x00000000d6c80000,0x00000000d6dda600,0x00000000d6e00000)
  to   space 2048K, 0% used [0x00000000d6a00000,0x00000000d6a00000,0x00000000d6c00000)
 ParOldGen       total 68608K, used 29290K [0x0000000080000000, 0x0000000084300000, 0x00000000d5580000)
  object space 68608K, 42% used [0x0000000080000000,0x0000000081c9aa28,0x0000000084300000)
 Metaspace       used 48173K, committed 49344K, reserved 1114112K
  class space    used 5283K, committed 5760K, reserved 1048576K
}
Event: 20.275 GC heap after
{Heap after GC invocations=23 (full 2):
 PSYoungGen      total 18944K, used 984K [0x00000000d5580000, 0x00000000d6d00000, 0x0000000100000000)
  eden space 17920K, 0% used [0x00000000d5580000,0x00000000d5580000,0x00000000d6700000)
  from space 1024K, 96% used [0x00000000d6a00000,0x00000000d6af61c8,0x00000000d6b00000)
  to   space 1536K, 0% used [0x00000000d6b80000,0x00000000d6b80000,0x00000000d6d00000)
 ParOldGen       total 68608K, used 30453K [0x0000000080000000, 0x0000000084300000, 0x00000000d5580000)
  object space 68608K, 44% used [0x0000000080000000,0x0000000081dbd6c8,0x0000000084300000)
 Metaspace       used 48173K, committed 49344K, reserved 1114112K
  class space    used 5283K, committed 5760K, reserved 1048576K
}
Event: 21.890 GC heap before
{Heap before GC invocations=24 (full 2):
 PSYoungGen      total 18944K, used 18904K [0x00000000d5580000, 0x00000000d6d00000, 0x0000000100000000)
  eden space 17920K, 100% used [0x00000000d5580000,0x00000000d6700000,0x00000000d6700000)
  from space 1024K, 96% used [0x00000000d6a00000,0x00000000d6af61c8,0x00000000d6b00000)
  to   space 1536K, 0% used [0x00000000d6b80000,0x00000000d6b80000,0x00000000d6d00000)
 ParOldGen       total 68608K, used 30453K [0x0000000080000000, 0x0000000084300000, 0x00000000d5580000)
  object space 68608K, 44% used [0x0000000080000000,0x0000000081dbd6c8,0x0000000084300000)
 Metaspace       used 49452K, committed 50688K, reserved 1114112K
  class space    used 5462K, committed 5952K, reserved 1048576K
}
Event: 21.894 GC heap after
{Heap after GC invocations=24 (full 2):
 PSYoungGen      total 18944K, used 596K [0x00000000d5580000, 0x00000000d6c80000, 0x0000000100000000)
  eden space 17920K, 0% used [0x00000000d5580000,0x00000000d5580000,0x00000000d6700000)
  from space 1024K, 58% used [0x00000000d6b80000,0x00000000d6c153d8,0x00000000d6c80000)
  to   space 1024K, 0% used [0x00000000d6a00000,0x00000000d6a00000,0x00000000d6b00000)
 ParOldGen       total 68608K, used 31295K [0x0000000080000000, 0x0000000084300000, 0x00000000d5580000)
  object space 68608K, 45% used [0x0000000080000000,0x0000000081e8fe98,0x0000000084300000)
 Metaspace       used 49452K, committed 50688K, reserved 1114112K
  class space    used 5462K, committed 5952K, reserved 1048576K
}
Event: 23.521 GC heap before
{Heap before GC invocations=25 (full 2):
 PSYoungGen      total 18944K, used 18516K [0x00000000d5580000, 0x00000000d6c80000, 0x0000000100000000)
  eden space 17920K, 100% used [0x00000000d5580000,0x00000000d6700000,0x00000000d6700000)
  from space 1024K, 58% used [0x00000000d6b80000,0x00000000d6c153d8,0x00000000d6c80000)
  to   space 1024K, 0% used [0x00000000d6a00000,0x00000000d6a00000,0x00000000d6b00000)
 ParOldGen       total 68608K, used 31295K [0x0000000080000000, 0x0000000084300000, 0x00000000d5580000)
  object space 68608K, 45% used [0x0000000080000000,0x0000000081e8fe98,0x0000000084300000)
 Metaspace       used 50434K, committed 51712K, reserved 1114112K
  class space    used 5557K, committed 6080K, reserved 1048576K
}
Event: 23.523 GC heap after
{Heap after GC invocations=25 (full 2):
 PSYoungGen      total 18944K, used 608K [0x00000000d5580000, 0x00000000d6c00000, 0x0000000100000000)
  eden space 17920K, 0% used [0x00000000d5580000,0x00000000d5580000,0x00000000d6700000)
  from space 1024K, 59% used [0x00000000d6a00000,0x00000000d6a98010,0x00000000d6b00000)
  to   space 1024K, 0% used [0x00000000d6b00000,0x00000000d6b00000,0x00000000d6c00000)
 ParOldGen       total 68608K, used 31759K [0x0000000080000000, 0x0000000084300000, 0x00000000d5580000)
  object space 68608K, 46% used [0x0000000080000000,0x0000000081f03dc0,0x0000000084300000)
 Metaspace       used 50434K, committed 51712K, reserved 1114112K
  class space    used 5557K, committed 6080K, reserved 1048576K
}
Event: 24.126 GC heap before
{Heap before GC invocations=26 (full 2):
 PSYoungGen      total 18944K, used 18528K [0x00000000d5580000, 0x00000000d6c00000, 0x0000000100000000)
  eden space 17920K, 100% used [0x00000000d5580000,0x00000000d6700000,0x00000000d6700000)
  from space 1024K, 59% used [0x00000000d6a00000,0x00000000d6a98010,0x00000000d6b00000)
  to   space 1024K, 0% used [0x00000000d6b00000,0x00000000d6b00000,0x00000000d6c00000)
 ParOldGen       total 68608K, used 31759K [0x0000000080000000, 0x0000000084300000, 0x00000000d5580000)
  object space 68608K, 46% used [0x0000000080000000,0x0000000081f03dc0,0x0000000084300000)
 Metaspace       used 51087K, committed 52352K, reserved 1114112K
  class space    used 5601K, committed 6080K, reserved 1048576K
}
Event: 26.130 GC heap after
{Heap after GC invocations=26 (full 2):
 PSYoungGen      total 18944K, used 1014K [0x00000000d5580000, 0x00000000d6c00000, 0x0000000100000000)
  eden space 17920K, 0% used [0x00000000d5580000,0x00000000d5580000,0x00000000d6700000)
  from space 1024K, 99% used [0x00000000d6b00000,0x00000000d6bfdb48,0x00000000d6c00000)
  to   space 2048K, 0% used [0x00000000d6800000,0x00000000d6800000,0x00000000d6a00000)
 ParOldGen       total 68608K, used 32524K [0x0000000080000000, 0x0000000084300000, 0x00000000d5580000)
  object space 68608K, 47% used [0x0000000080000000,0x0000000081fc3038,0x0000000084300000)
 Metaspace       used 51087K, committed 52352K, reserved 1114112K
  class space    used 5601K, committed 6080K, reserved 1048576K
}

