# JRE version: OpenJDK Runtime Environment Temurin-21.0.8+9 (21.0.8+9) (build 21.0.8+9-LTS)
# Java VM: OpenJDK 64-Bit Server VM Temurin-21.0.8+9 (21.0.8+9-LTS, mixed mode, sharing, tiered, compressed oops, compressed class ptrs, parallel gc, windows-amd64)
GC Precious Log:
 CardTable entry size: 512
 CPUs: 8 total, 8 available
 Memory: 7555M
 Large Page Support: Disabled
 NUMA Support: Disabled
 Compressed Oops: Enabled (32-bit)
 Alignments: Space 512K, Generation 512K, Heap 2M
 Heap Min Capacity: 100M
 Heap Initial Capacity: 100M
 Heap Max Capacity: 2G
 Pre-touch: Disabled
 Parallel Workers: 8
Heap:
 PSYoungGen      total 18944K, used 4942K [0x00000000d5580000, 0x00000000d6b80000, 0x0000000100000000)
  eden space 17408K, 26% used [0x00000000d5580000,0x00000000d59f3870,0x00000000d6680000)
  from space 1536K, 25% used [0x00000000d6900000,0x00000000d6960000,0x00000000d6a80000)
  to   space 1024K, 0% used [0x00000000d6a80000,0x00000000d6a80000,0x00000000d6b80000)
 ParOldGen       total 68608K, used 31626K [0x0000000080000000, 0x0000000084300000, 0x00000000d5580000)
  object space 68608K, 46% used [0x0000000080000000,0x0000000081ee2900,0x0000000084300000)
 Metaspace       used 50112K, committed 51392K, reserved 1114112K
  class space    used 5526K, committed 6080K, reserved 1048576K
GC Heap History (20 events):
Event: 11.643 GC heap before
{Heap before GC invocations=14 (full 1):
 PSYoungGen      total 23040K, used 15205K [0x00000000d5580000, 0x00000000d7280000, 0x0000000100000000)
  eden space 22016K, 64% used [0x00000000d5580000,0x00000000d63610e8,0x00000000d6b00000)
  from space 1024K, 97% used [0x00000000d7180000,0x00000000d7278638,0x00000000d7280000)
  to   space 3072K, 0% used [0x00000000d6c80000,0x00000000d6c80000,0x00000000d6f80000)
 ParOldGen       total 68608K, used 17292K [0x0000000080000000, 0x0000000084300000, 0x00000000d5580000)
  object space 68608K, 25% used [0x0000000080000000,0x00000000810e30b8,0x0000000084300000)
 Metaspace       used 34773K, committed 35840K, reserved 1114112K
  class space    used 3635K, committed 4160K, reserved 1048576K
}
Event: 11.647 GC heap after
{Heap after GC invocations=14 (full 1):
 PSYoungGen      total 25088K, used 832K [0x00000000d5580000, 0x00000000d7200000, 0x0000000100000000)
  eden space 22016K, 0% used [0x00000000d5580000,0x00000000d5580000,0x00000000d6b00000)
  from space 3072K, 27% used [0x00000000d6c80000,0x00000000d6d50160,0x00000000d6f80000)
  to   space 1536K, 0% used [0x00000000d7080000,0x00000000d7080000,0x00000000d7200000)
 ParOldGen       total 68608K, used 18265K [0x0000000080000000, 0x0000000084300000, 0x00000000d5580000)
  object space 68608K, 26% used [0x0000000080000000,0x00000000811d65a8,0x0000000084300000)
 Metaspace       used 34773K, committed 35840K, reserved 1114112K
  class space    used 3635K, committed 4160K, reserved 1048576K
}
Event: 11.647 GC heap before
{Heap before GC invocations=15 (full 2):
 PSYoungGen      total 25088K, used 832K [0x00000000d5580000, 0x00000000d7200000, 0x0000000100000000)
  eden space 22016K, 0% used [0x00000000d5580000,0x00000000d5580000,0x00000000d6b00000)
  from space 3072K, 27% used [0x00000000d6c80000,0x00000000d6d50160,0x00000000d6f80000)
  to   space 1536K, 0% used [0x00000000d7080000,0x00000000d7080000,0x00000000d7200000)
 ParOldGen       total 68608K, used 18265K [0x0000000080000000, 0x0000000084300000, 0x00000000d5580000)
  object space 68608K, 26% used [0x0000000080000000,0x00000000811d65a8,0x0000000084300000)
 Metaspace       used 34773K, committed 35840K, reserved 1114112K
  class space    used 3635K, committed 4160K, reserved 1048576K
}
Event: 11.716 GC heap after
{Heap after GC invocations=15 (full 2):
 PSYoungGen      total 25088K, used 0K [0x00000000d5580000, 0x00000000d7200000, 0x0000000100000000)
  eden space 22016K, 0% used [0x00000000d5580000,0x00000000d5580000,0x00000000d6b00000)
  from space 3072K, 0% used [0x00000000d6c80000,0x00000000d6c80000,0x00000000d6f80000)
  to   space 1536K, 0% used [0x00000000d7080000,0x00000000d7080000,0x00000000d7200000)
 ParOldGen       total 68608K, used 18133K [0x0000000080000000, 0x0000000084300000, 0x00000000d5580000)
  object space 68608K, 26% used [0x0000000080000000,0x00000000811b5450,0x0000000084300000)
 Metaspace       used 34773K, committed 35840K, reserved 1114112K
  class space    used 3635K, committed 4160K, reserved 1048576K
}
Event: 12.091 GC heap before
{Heap before GC invocations=16 (full 2):
 PSYoungGen      total 25088K, used 22016K [0x00000000d5580000, 0x00000000d7200000, 0x0000000100000000)
  eden space 22016K, 100% used [0x00000000d5580000,0x00000000d6b00000,0x00000000d6b00000)
  from space 3072K, 0% used [0x00000000d6c80000,0x00000000d6c80000,0x00000000d6f80000)
  to   space 1536K, 0% used [0x00000000d7080000,0x00000000d7080000,0x00000000d7200000)
 ParOldGen       total 68608K, used 18133K [0x0000000080000000, 0x0000000084300000, 0x00000000d5580000)
  object space 68608K, 26% used [0x0000000080000000,0x00000000811b5450,0x0000000084300000)
 Metaspace       used 36873K, committed 38016K, reserved 1114112K
  class space    used 3905K, committed 4416K, reserved 1048576K
}
Event: 12.094 GC heap after
{Heap after GC invocations=16 (full 2):
 PSYoungGen      total 23552K, used 1536K [0x00000000d5580000, 0x00000000d7200000, 0x0000000100000000)
  eden space 22016K, 0% used [0x00000000d5580000,0x00000000d5580000,0x00000000d6b00000)
  from space 1536K, 100% used [0x00000000d7080000,0x00000000d7200000,0x00000000d7200000)
  to   space 2560K, 0% used [0x00000000d6d00000,0x00000000d6d00000,0x00000000d6f80000)
 ParOldGen       total 68608K, used 18589K [0x0000000080000000, 0x0000000084300000, 0x00000000d5580000)
  object space 68608K, 27% used [0x0000000080000000,0x0000000081227450,0x0000000084300000)
 Metaspace       used 36873K, committed 38016K, reserved 1114112K
  class space    used 3905K, committed 4416K, reserved 1048576K
}
Event: 12.515 GC heap before
{Heap before GC invocations=17 (full 2):
 PSYoungGen      total 23552K, used 23552K [0x00000000d5580000, 0x00000000d7200000, 0x0000000100000000)
  eden space 22016K, 100% used [0x00000000d5580000,0x00000000d6b00000,0x00000000d6b00000)
  from space 1536K, 100% used [0x00000000d7080000,0x00000000d7200000,0x00000000d7200000)
  to   space 2560K, 0% used [0x00000000d6d00000,0x00000000d6d00000,0x00000000d6f80000)
 ParOldGen       total 68608K, used 18589K [0x0000000080000000, 0x0000000084300000, 0x00000000d5580000)
  object space 68608K, 27% used [0x0000000080000000,0x0000000081227450,0x0000000084300000)
 Metaspace       used 38976K, committed 40192K, reserved 1114112K
  class space    used 4173K, committed 4736K, reserved 1048576K
}
Event: 12.520 GC heap after
{Heap after GC invocations=17 (full 2):
 PSYoungGen      total 24576K, used 1184K [0x00000000d5580000, 0x00000000d7100000, 0x0000000100000000)
  eden space 22016K, 0% used [0x00000000d5580000,0x00000000d5580000,0x00000000d6b00000)
  from space 2560K, 46% used [0x00000000d6d00000,0x00000000d6e28000,0x00000000d6f80000)
  to   space 1536K, 0% used [0x00000000d6f80000,0x00000000d6f80000,0x00000000d7100000)
 ParOldGen       total 68608K, used 19979K [0x0000000080000000, 0x0000000084300000, 0x00000000d5580000)
  object space 68608K, 29% used [0x0000000080000000,0x0000000081382db0,0x0000000084300000)
 Metaspace       used 38976K, committed 40192K, reserved 1114112K
  class space    used 4173K, committed 4736K, reserved 1048576K
}
Event: 13.193 GC heap before
{Heap before GC invocations=18 (full 2):
 PSYoungGen      total 24576K, used 23200K [0x00000000d5580000, 0x00000000d7100000, 0x0000000100000000)
  eden space 22016K, 100% used [0x00000000d5580000,0x00000000d6b00000,0x00000000d6b00000)
  from space 2560K, 46% used [0x00000000d6d00000,0x00000000d6e28000,0x00000000d6f80000)
  to   space 1536K, 0% used [0x00000000d6f80000,0x00000000d6f80000,0x00000000d7100000)
 ParOldGen       total 68608K, used 19979K [0x0000000080000000, 0x0000000084300000, 0x00000000d5580000)
  object space 68608K, 29% used [0x0000000080000000,0x0000000081382db0,0x0000000084300000)
 Metaspace       used 40687K, committed 41856K, reserved 1114112K
  class space    used 4372K, committed 4928K, reserved 1048576K
}
Event: 13.202 GC heap after
{Heap after GC invocations=18 (full 2):
 PSYoungGen      total 18944K, used 1527K [0x00000000d5580000, 0x00000000d7d00000, 0x0000000100000000)
  eden space 17408K, 0% used [0x00000000d5580000,0x00000000d5580000,0x00000000d6680000)
  from space 1536K, 99% used [0x00000000d6f80000,0x00000000d70fde80,0x00000000d7100000)
  to   space 9216K, 0% used [0x00000000d6680000,0x00000000d6680000,0x00000000d6f80000)
 ParOldGen       total 68608K, used 26188K [0x0000000080000000, 0x0000000084300000, 0x00000000d5580000)
  object space 68608K, 38% used [0x0000000080000000,0x00000000819933a0,0x0000000084300000)
 Metaspace       used 40687K, committed 41856K, reserved 1114112K
  class space    used 4372K, committed 4928K, reserved 1048576K
}
Event: 13.799 GC heap before
{Heap before GC invocations=19 (full 2):
 PSYoungGen      total 18944K, used 18935K [0x00000000d5580000, 0x00000000d7d00000, 0x0000000100000000)
  eden space 17408K, 100% used [0x00000000d5580000,0x00000000d6680000,0x00000000d6680000)
  from space 1536K, 99% used [0x00000000d6f80000,0x00000000d70fde80,0x00000000d7100000)
  to   space 9216K, 0% used [0x00000000d6680000,0x00000000d6680000,0x00000000d6f80000)
 ParOldGen       total 68608K, used 26188K [0x0000000080000000, 0x0000000084300000, 0x00000000d5580000)
  object space 68608K, 38% used [0x0000000080000000,0x00000000819933a0,0x0000000084300000)
 Metaspace       used 42774K, committed 43968K, reserved 1114112K
  class space    used 4628K, committed 5184K, reserved 1048576K
}
Event: 13.804 GC heap after
{Heap after GC invocations=19 (full 2):
 PSYoungGen      total 18944K, used 1264K [0x00000000d5580000, 0x00000000d7000000, 0x0000000100000000)
  eden space 17408K, 0% used [0x00000000d5580000,0x00000000d5580000,0x00000000d6680000)
  from space 1536K, 82% used [0x00000000d6680000,0x00000000d67bc010,0x00000000d6800000)
  to   space 4096K, 0% used [0x00000000d6c00000,0x00000000d6c00000,0x00000000d7000000)
 ParOldGen       total 68608K, used 27673K [0x0000000080000000, 0x0000000084300000, 0x00000000d5580000)
  object space 68608K, 40% used [0x0000000080000000,0x0000000081b06648,0x0000000084300000)
 Metaspace       used 42774K, committed 43968K, reserved 1114112K
  class space    used 4628K, committed 5184K, reserved 1048576K
}
Event: 14.998 GC heap before
{Heap before GC invocations=20 (full 2):
 PSYoungGen      total 18944K, used 18672K [0x00000000d5580000, 0x00000000d7000000, 0x0000000100000000)
  eden space 17408K, 100% used [0x00000000d5580000,0x00000000d6680000,0x00000000d6680000)
  from space 1536K, 82% used [0x00000000d6680000,0x00000000d67bc010,0x00000000d6800000)
  to   space 4096K, 0% used [0x00000000d6c00000,0x00000000d6c00000,0x00000000d7000000)
 ParOldGen       total 68608K, used 27673K [0x0000000080000000, 0x0000000084300000, 0x00000000d5580000)
  object space 68608K, 40% used [0x0000000080000000,0x0000000081b06648,0x0000000084300000)
 Metaspace       used 44752K, committed 46080K, reserved 1114112K
  class space    used 4903K, committed 5504K, reserved 1048576K
}
Event: 15.005 GC heap after
{Heap after GC invocations=20 (full 2):
 PSYoungGen      total 18944K, used 1120K [0x00000000d5580000, 0x00000000d6d80000, 0x0000000100000000)
  eden space 17408K, 0% used [0x00000000d5580000,0x00000000d5580000,0x00000000d6680000)
  from space 1536K, 72% used [0x00000000d6c00000,0x00000000d6d18000,0x00000000d6d80000)
  to   space 2048K, 0% used [0x00000000d6980000,0x00000000d6980000,0x00000000d6b80000)
 ParOldGen       total 68608K, used 28789K [0x0000000080000000, 0x0000000084300000, 0x00000000d5580000)
  object space 68608K, 41% used [0x0000000080000000,0x0000000081c1d558,0x0000000084300000)
 Metaspace       used 44752K, committed 46080K, reserved 1114112K
  class space    used 4903K, committed 5504K, reserved 1048576K
}
Event: 16.472 GC heap before
{Heap before GC invocations=21 (full 2):
 PSYoungGen      total 18944K, used 18527K [0x00000000d5580000, 0x00000000d6d80000, 0x0000000100000000)
  eden space 17408K, 99% used [0x00000000d5580000,0x00000000d667ffe8,0x00000000d6680000)
  from space 1536K, 72% used [0x00000000d6c00000,0x00000000d6d18000,0x00000000d6d80000)
  to   space 2048K, 0% used [0x00000000d6980000,0x00000000d6980000,0x00000000d6b80000)
 ParOldGen       total 68608K, used 28789K [0x0000000080000000, 0x0000000084300000, 0x00000000d5580000)
  object space 68608K, 41% used [0x0000000080000000,0x0000000081c1d558,0x0000000084300000)
 Metaspace       used 46930K, committed 48192K, reserved 1114112K
  class space    used 5135K, committed 5696K, reserved 1048576K
}
Event: 16.478 GC heap after
{Heap after GC invocations=21 (full 2):
 PSYoungGen      total 18944K, used 1201K [0x00000000d5580000, 0x00000000d6c80000, 0x0000000100000000)
  eden space 17408K, 0% used [0x00000000d5580000,0x00000000d5580000,0x00000000d6680000)
  from space 1536K, 78% used [0x00000000d6980000,0x00000000d6aac798,0x00000000d6b00000)
  to   space 1536K, 0% used [0x00000000d6b00000,0x00000000d6b00000,0x00000000d6c80000)
 ParOldGen       total 68608K, used 29737K [0x0000000080000000, 0x0000000084300000, 0x00000000d5580000)
  object space 68608K, 43% used [0x0000000080000000,0x0000000081d0a568,0x0000000084300000)
 Metaspace       used 46930K, committed 48192K, reserved 1114112K
  class space    used 5135K, committed 5696K, reserved 1048576K
}
Event: 17.864 GC heap before
{Heap before GC invocations=22 (full 2):
 PSYoungGen      total 18944K, used 18565K [0x00000000d5580000, 0x00000000d6c80000, 0x0000000100000000)
  eden space 17408K, 99% used [0x00000000d5580000,0x00000000d6674f98,0x00000000d6680000)
  from space 1536K, 78% used [0x00000000d6980000,0x00000000d6aac798,0x00000000d6b00000)
  to   space 1536K, 0% used [0x00000000d6b00000,0x00000000d6b00000,0x00000000d6c80000)
 ParOldGen       total 68608K, used 29737K [0x0000000080000000, 0x0000000084300000, 0x00000000d5580000)
  object space 68608K, 43% used [0x0000000080000000,0x0000000081d0a568,0x0000000084300000)
 Metaspace       used 49209K, committed 50496K, reserved 1114112K
  class space    used 5409K, committed 5952K, reserved 1048576K
}
Event: 17.870 GC heap after
{Heap after GC invocations=22 (full 2):
 PSYoungGen      total 18432K, used 999K [0x00000000d5580000, 0x00000000d6c00000, 0x0000000100000000)
  eden space 17408K, 0% used [0x00000000d5580000,0x00000000d5580000,0x00000000d6680000)
  from space 1024K, 97% used [0x00000000d6b00000,0x00000000d6bf9c80,0x00000000d6c00000)
  to   space 1536K, 0% used [0x00000000d6900000,0x00000000d6900000,0x00000000d6a80000)
 ParOldGen       total 68608K, used 30755K [0x0000000080000000, 0x0000000084300000, 0x00000000d5580000)
  object space 68608K, 44% used [0x0000000080000000,0x0000000081e08e00,0x0000000084300000)
 Metaspace       used 49209K, committed 50496K, reserved 1114112K
  class space    used 5409K, committed 5952K, reserved 1048576K
}
Event: 21.951 GC heap before
{Heap before GC invocations=23 (full 2):
 PSYoungGen      total 18432K, used 18380K [0x00000000d5580000, 0x00000000d6c00000, 0x0000000100000000)
  eden space 17408K, 99% used [0x00000000d5580000,0x00000000d66793e0,0x00000000d6680000)
  from space 1024K, 97% used [0x00000000d6b00000,0x00000000d6bf9c80,0x00000000d6c00000)
  to   space 1536K, 0% used [0x00000000d6900000,0x00000000d6900000,0x00000000d6a80000)
 ParOldGen       total 68608K, used 30755K [0x0000000080000000, 0x0000000084300000, 0x00000000d5580000)
  object space 68608K, 44% used [0x0000000080000000,0x0000000081e08e00,0x0000000084300000)
 Metaspace       used 49969K, committed 51328K, reserved 1114112K
  class space    used 5501K, committed 6080K, reserved 1048576K
}
Event: 21.954 GC heap after
{Heap after GC invocations=23 (full 2):
 PSYoungGen      total 18944K, used 384K [0x00000000d5580000, 0x00000000d6b80000, 0x0000000100000000)
  eden space 17408K, 0% used [0x00000000d5580000,0x00000000d5580000,0x00000000d6680000)
  from space 1536K, 25% used [0x00000000d6900000,0x00000000d6960000,0x00000000d6a80000)
  to   space 1024K, 0% used [0x00000000d6a80000,0x00000000d6a80000,0x00000000d6b80000)
 ParOldGen       total 68608K, used 31626K [0x0000000080000000, 0x0000000084300000, 0x00000000d5580000)
  object space 68608K, 46% used [0x0000000080000000,0x0000000081ee2900,0x0000000084300000)
 Metaspace       used 49969K, committed 51328K, reserved 1114112K
  class space    used 5501K, committed 6080K, reserved 1048576K
}

