# JRE version: Java(TM) SE Runtime Environment (8.0_431) (build 1.8.0_431-b10)
# Java VM: Java HotSpot(TM) 64-Bit Server VM (25.431-b10 mixed mode windows-amd64 compressed oops)
Heap:
 PSYoungGen      total 35840K, used 19872K [0x00000000d8a00000, 0x00000000dd000000, 0x0000000100000000)
  eden space 30720K, 48% used [0x00000000d8a00000,0x00000000d986c170,0x00000000da800000)
  from space 5120K, 99% used [0x00000000da800000,0x00000000dacfc098,0x00000000dad00000)
  to   space 5120K, 0% used [0x00000000dcb00000,0x00000000dcb00000,0x00000000dd000000)
 ParOldGen       total 81920K, used 4903K [0x0000000089e00000, 0x000000008ee00000, 0x00000000d8a00000)
  object space 81920K, 5% used [0x0000000089e00000,0x000000008a2c9f88,0x000000008ee00000)
 Metaspace       used 18887K, capacity 19416K, committed 19584K, reserved 1067008K
  class space    used 2398K, capacity 2578K, committed 2688K, reserved 1048576K
GC Heap History (6 events):
Event: 0.859 GC heap before
{Heap before GC invocations=1 (full 0):
 PSYoungGen      total 35840K, used 30720K [0x00000000d8a00000, 0x00000000db200000, 0x0000000100000000)
  eden space 30720K, 100% used [0x00000000d8a00000,0x00000000da800000,0x00000000da800000)
  from space 5120K, 0% used [0x00000000dad00000,0x00000000dad00000,0x00000000db200000)
  to   space 5120K, 0% used [0x00000000da800000,0x00000000da800000,0x00000000dad00000)
 ParOldGen       total 81920K, used 0K [0x0000000089e00000, 0x000000008ee00000, 0x00000000d8a00000)
  object space 81920K, 0% used [0x0000000089e00000,0x0000000089e00000,0x000000008ee00000)
 Metaspace       used 10171K, capacity 10478K, committed 10624K, reserved 1058816K
  class space    used 1260K, capacity 1369K, committed 1408K, reserved 1048576K
Event: 0.866 GC heap after
Heap after GC invocations=1 (full 0):
 PSYoungGen      total 35840K, used 5109K [0x00000000d8a00000, 0x00000000db200000, 0x0000000100000000)
  eden space 30720K, 0% used [0x00000000d8a00000,0x00000000d8a00000,0x00000000da800000)
  from space 5120K, 99% used [0x00000000da800000,0x00000000dacfd638,0x00000000dad00000)
  to   space 5120K, 0% used [0x00000000dad00000,0x00000000dad00000,0x00000000db200000)
 ParOldGen       total 81920K, used 542K [0x0000000089e00000, 0x000000008ee00000, 0x00000000d8a00000)
  object space 81920K, 0% used [0x0000000089e00000,0x0000000089e87ab8,0x000000008ee00000)
 Metaspace       used 10171K, capacity 10478K, committed 10624K, reserved 1058816K
  class space    used 1260K, capacity 1369K, committed 1408K, reserved 1048576K
}
Event: 1.191 GC heap before
{Heap before GC invocations=2 (full 0):
 PSYoungGen      total 35840K, used 35829K [0x00000000d8a00000, 0x00000000db200000, 0x0000000100000000)
  eden space 30720K, 100% used [0x00000000d8a00000,0x00000000da800000,0x00000000da800000)
  from space 5120K, 99% used [0x00000000da800000,0x00000000dacfd638,0x00000000dad00000)
  to   space 5120K, 0% used [0x00000000dad00000,0x00000000dad00000,0x00000000db200000)
 ParOldGen       total 81920K, used 542K [0x0000000089e00000, 0x000000008ee00000, 0x00000000d8a00000)
  object space 81920K, 0% used [0x0000000089e00000,0x0000000089e87ab8,0x000000008ee00000)
 Metaspace       used 12484K, capacity 12758K, committed 13056K, reserved 1060864K
  class space    used 1546K, capacity 1668K, committed 1792K, reserved 1048576K
Event: 1.197 GC heap after
Heap after GC invocations=2 (full 0):
 PSYoungGen      total 35840K, used 5088K [0x00000000d8a00000, 0x00000000dd000000, 0x0000000100000000)
  eden space 30720K, 0% used [0x00000000d8a00000,0x00000000d8a00000,0x00000000da800000)
  from space 5120K, 99% used [0x00000000dad00000,0x00000000db1f8330,0x00000000db200000)
  to   space 5120K, 0% used [0x00000000da800000,0x00000000da800000,0x00000000dad00000)
 ParOldGen       total 81920K, used 2030K [0x0000000089e00000, 0x000000008ee00000, 0x00000000d8a00000)
  object space 81920K, 2% used [0x0000000089e00000,0x0000000089ffb838,0x000000008ee00000)
 Metaspace       used 12484K, capacity 12758K, committed 13056K, reserved 1060864K
  class space    used 1546K, capacity 1668K, committed 1792K, reserved 1048576K
}
Event: 1.652 GC heap before
{Heap before GC invocations=3 (full 0):
 PSYoungGen      total 35840K, used 35808K [0x00000000d8a00000, 0x00000000dd000000, 0x0000000100000000)
  eden space 30720K, 100% used [0x00000000d8a00000,0x00000000da800000,0x00000000da800000)
  from space 5120K, 99% used [0x00000000dad00000,0x00000000db1f8330,0x00000000db200000)
  to   space 5120K, 0% used [0x00000000da800000,0x00000000da800000,0x00000000dad00000)
 ParOldGen       total 81920K, used 2030K [0x0000000089e00000, 0x000000008ee00000, 0x00000000d8a00000)
  object space 81920K, 2% used [0x0000000089e00000,0x0000000089ffb838,0x000000008ee00000)
 Metaspace       used 16383K, capacity 16768K, committed 16896K, reserved 1064960K
  class space    used 2083K, capacity 2242K, committed 2304K, reserved 1048576K
Event: 1.658 GC heap after
Heap after GC invocations=3 (full 0):
 PSYoungGen      total 35840K, used 5104K [0x00000000d8a00000, 0x00000000dd000000, 0x0000000100000000)
  eden space 30720K, 0% used [0x00000000d8a00000,0x00000000d8a00000,0x00000000da800000)
  from space 5120K, 99% used [0x00000000da800000,0x00000000dacfc098,0x00000000dad00000)
  to   space 5120K, 0% used [0x00000000dcb00000,0x00000000dcb00000,0x00000000dd000000)
 ParOldGen       total 81920K, used 4903K [0x0000000089e00000, 0x000000008ee00000, 0x00000000d8a00000)
  object space 81920K, 5% used [0x0000000089e00000,0x000000008a2c9f88,0x000000008ee00000)
 Metaspace       used 16383K, capacity 16768K, committed 16896K, reserved 1064960K
  class space    used 2083K, capacity 2242K, committed 2304K, reserved 1048576K
}

