# JRE version: OpenJDK Runtime Environment Temurin-21.0.8+9 (21.0.8+9) (build 21.0.8+9-LTS)
# Java VM: OpenJDK 64-Bit Server VM Temurin-21.0.8+9 (21.0.8+9-LTS, mixed mode, sharing, tiered, compressed oops, compressed class ptrs, parallel gc, windows-amd64)
GC Precious Log:
 CardTable entry size: 512
 CPUs: 8 total, 8 available
 Memory: 7555M
 Large Page Support: Disabled
 NUMA Support: Disabled
 Compressed Oops: Enabled (32-bit)
 Alignments: Space 512K, Generation 512K, Heap 2M
 Heap Min Capacity: 100M
 Heap Initial Capacity: 100M
 Heap Max Capacity: 2G
 Pre-touch: Disabled
 Parallel Workers: 8
Heap:
 PSYoungGen      total 23040K, used 2924K [0x00000000d5580000, 0x00000000d7200000, 0x0000000100000000)
  eden space 22016K, 8% used [0x00000000d5580000,0x00000000d575c710,0x00000000d6b00000)
  from space 1024K, 99% used [0x00000000d6f80000,0x00000000d707ea88,0x00000000d7080000)
  to   space 3584K, 0% used [0x00000000d6b00000,0x00000000d6b00000,0x00000000d6e80000)
 ParOldGen       total 68608K, used 17475K [0x0000000080000000, 0x0000000084300000, 0x00000000d5580000)
  object space 68608K, 25% used [0x0000000080000000,0x0000000081110f00,0x0000000084300000)
 Metaspace       used 37420K, committed 38272K, reserved 1114112K
  class space    used 3773K, committed 4096K, reserved 1048576K
GC Heap History (20 events):
Event: 9.031 GC heap before
{Heap before GC invocations=6 (full 0):
 PSYoungGen      total 29184K, used 10289K [0x00000000d5580000, 0x00000000d7800000, 0x0000000100000000)
  eden space 25088K, 24% used [0x00000000d5580000,0x00000000d5b8ddf8,0x00000000d6e00000)
  from space 4096K, 99% used [0x00000000d6e80000,0x00000000d727e9d8,0x00000000d7280000)
  to   space 5120K, 0% used [0x00000000d7300000,0x00000000d7300000,0x00000000d7800000)
 ParOldGen       total 68608K, used 4788K [0x0000000080000000, 0x0000000084300000, 0x00000000d5580000)
  object space 68608K, 6% used [0x0000000080000000,0x00000000804ad110,0x0000000084300000)
 Metaspace       used 20925K, committed 21504K, reserved 1114112K
  class space    used 2065K, committed 2304K, reserved 1048576K
}
Event: 9.034 GC heap after
{Heap after GC invocations=6 (full 0):
 PSYoungGen      total 29696K, used 4243K [0x00000000d5580000, 0x00000000d7780000, 0x0000000100000000)
  eden space 25088K, 0% used [0x00000000d5580000,0x00000000d5580000,0x00000000d6e00000)
  from space 4608K, 92% used [0x00000000d7300000,0x00000000d7724ea8,0x00000000d7780000)
  to   space 4608K, 0% used [0x00000000d6e80000,0x00000000d6e80000,0x00000000d7300000)
 ParOldGen       total 68608K, used 4788K [0x0000000080000000, 0x0000000084300000, 0x00000000d5580000)
  object space 68608K, 6% used [0x0000000080000000,0x00000000804ad110,0x0000000084300000)
 Metaspace       used 20925K, committed 21504K, reserved 1114112K
  class space    used 2065K, committed 2304K, reserved 1048576K
}
Event: 9.034 GC heap before
{Heap before GC invocations=7 (full 1):
 PSYoungGen      total 29696K, used 4243K [0x00000000d5580000, 0x00000000d7780000, 0x0000000100000000)
  eden space 25088K, 0% used [0x00000000d5580000,0x00000000d5580000,0x00000000d6e00000)
  from space 4608K, 92% used [0x00000000d7300000,0x00000000d7724ea8,0x00000000d7780000)
  to   space 4608K, 0% used [0x00000000d6e80000,0x00000000d6e80000,0x00000000d7300000)
 ParOldGen       total 68608K, used 4788K [0x0000000080000000, 0x0000000084300000, 0x00000000d5580000)
  object space 68608K, 6% used [0x0000000080000000,0x00000000804ad110,0x0000000084300000)
 Metaspace       used 20925K, committed 21504K, reserved 1114112K
  class space    used 2065K, committed 2304K, reserved 1048576K
}
Event: 9.058 GC heap after
{Heap after GC invocations=7 (full 1):
 PSYoungGen      total 29696K, used 0K [0x00000000d5580000, 0x00000000d7780000, 0x0000000100000000)
  eden space 25088K, 0% used [0x00000000d5580000,0x00000000d5580000,0x00000000d6e00000)
  from space 4608K, 0% used [0x00000000d7300000,0x00000000d7300000,0x00000000d7780000)
  to   space 4608K, 0% used [0x00000000d6e80000,0x00000000d6e80000,0x00000000d7300000)
 ParOldGen       total 68608K, used 8528K [0x0000000080000000, 0x0000000084300000, 0x00000000d5580000)
  object space 68608K, 12% used [0x0000000080000000,0x0000000080854370,0x0000000084300000)
 Metaspace       used 20913K, committed 21504K, reserved 1114112K
  class space    used 2062K, committed 2304K, reserved 1048576K
}
Event: 9.658 GC heap before
{Heap before GC invocations=8 (full 1):
 PSYoungGen      total 29696K, used 25088K [0x00000000d5580000, 0x00000000d7780000, 0x0000000100000000)
  eden space 25088K, 100% used [0x00000000d5580000,0x00000000d6e00000,0x00000000d6e00000)
  from space 4608K, 0% used [0x00000000d7300000,0x00000000d7300000,0x00000000d7780000)
  to   space 4608K, 0% used [0x00000000d6e80000,0x00000000d6e80000,0x00000000d7300000)
 ParOldGen       total 68608K, used 8528K [0x0000000080000000, 0x0000000084300000, 0x00000000d5580000)
  object space 68608K, 12% used [0x0000000080000000,0x0000000080854370,0x0000000084300000)
 Metaspace       used 22999K, committed 23744K, reserved 1114112K
  class space    used 2232K, committed 2560K, reserved 1048576K
}
Event: 9.661 GC heap after
{Heap after GC invocations=8 (full 1):
 PSYoungGen      total 27648K, used 2632K [0x00000000d5580000, 0x00000000d7480000, 0x0000000100000000)
  eden space 24576K, 0% used [0x00000000d5580000,0x00000000d5580000,0x00000000d6d80000)
  from space 3072K, 85% used [0x00000000d6e80000,0x00000000d71120a0,0x00000000d7180000)
  to   space 3072K, 0% used [0x00000000d7180000,0x00000000d7180000,0x00000000d7480000)
 ParOldGen       total 68608K, used 8536K [0x0000000080000000, 0x0000000084300000, 0x00000000d5580000)
  object space 68608K, 12% used [0x0000000080000000,0x0000000080856370,0x0000000084300000)
 Metaspace       used 22999K, committed 23744K, reserved 1114112K
  class space    used 2232K, committed 2560K, reserved 1048576K
}
Event: 10.543 GC heap before
{Heap before GC invocations=9 (full 1):
 PSYoungGen      total 27648K, used 27208K [0x00000000d5580000, 0x00000000d7480000, 0x0000000100000000)
  eden space 24576K, 100% used [0x00000000d5580000,0x00000000d6d80000,0x00000000d6d80000)
  from space 3072K, 85% used [0x00000000d6e80000,0x00000000d71120a0,0x00000000d7180000)
  to   space 3072K, 0% used [0x00000000d7180000,0x00000000d7180000,0x00000000d7480000)
 ParOldGen       total 68608K, used 8536K [0x0000000080000000, 0x0000000084300000, 0x00000000d5580000)
  object space 68608K, 12% used [0x0000000080000000,0x0000000080856370,0x0000000084300000)
 Metaspace       used 26666K, committed 27456K, reserved 1114112K
  class space    used 2635K, committed 3008K, reserved 1048576K
}
Event: 10.549 GC heap after
{Heap after GC invocations=9 (full 1):
 PSYoungGen      total 26624K, used 3051K [0x00000000d5580000, 0x00000000d7700000, 0x0000000100000000)
  eden space 23552K, 0% used [0x00000000d5580000,0x00000000d5580000,0x00000000d6c80000)
  from space 3072K, 99% used [0x00000000d7180000,0x00000000d747ac28,0x00000000d7480000)
  to   space 5120K, 0% used [0x00000000d6c80000,0x00000000d6c80000,0x00000000d7180000)
 ParOldGen       total 68608K, used 10022K [0x0000000080000000, 0x0000000084300000, 0x00000000d5580000)
  object space 68608K, 14% used [0x0000000080000000,0x00000000809c9890,0x0000000084300000)
 Metaspace       used 26666K, committed 27456K, reserved 1114112K
  class space    used 2635K, committed 3008K, reserved 1048576K
}
Event: 11.212 GC heap before
{Heap before GC invocations=10 (full 1):
 PSYoungGen      total 26624K, used 26603K [0x00000000d5580000, 0x00000000d7700000, 0x0000000100000000)
  eden space 23552K, 100% used [0x00000000d5580000,0x00000000d6c80000,0x00000000d6c80000)
  from space 3072K, 99% used [0x00000000d7180000,0x00000000d747ac28,0x00000000d7480000)
  to   space 5120K, 0% used [0x00000000d6c80000,0x00000000d6c80000,0x00000000d7180000)
 ParOldGen       total 68608K, used 10022K [0x0000000080000000, 0x0000000084300000, 0x00000000d5580000)
  object space 68608K, 14% used [0x0000000080000000,0x00000000809c9890,0x0000000084300000)
 Metaspace       used 29597K, committed 30400K, reserved 1114112K
  class space    used 2968K, committed 3328K, reserved 1048576K
}
Event: 11.216 GC heap after
{Heap after GC invocations=10 (full 1):
 PSYoungGen      total 27648K, used 4409K [0x00000000d5580000, 0x00000000d7500000, 0x0000000100000000)
  eden space 23040K, 0% used [0x00000000d5580000,0x00000000d5580000,0x00000000d6c00000)
  from space 4608K, 95% used [0x00000000d6c80000,0x00000000d70ce740,0x00000000d7100000)
  to   space 4096K, 0% used [0x00000000d7100000,0x00000000d7100000,0x00000000d7500000)
 ParOldGen       total 68608K, used 10030K [0x0000000080000000, 0x0000000084300000, 0x00000000d5580000)
  object space 68608K, 14% used [0x0000000080000000,0x00000000809cb890,0x0000000084300000)
 Metaspace       used 29597K, committed 30400K, reserved 1114112K
  class space    used 2968K, committed 3328K, reserved 1048576K
}
Event: 12.098 GC heap before
{Heap before GC invocations=11 (full 1):
 PSYoungGen      total 27648K, used 27449K [0x00000000d5580000, 0x00000000d7500000, 0x0000000100000000)
  eden space 23040K, 100% used [0x00000000d5580000,0x00000000d6c00000,0x00000000d6c00000)
  from space 4608K, 95% used [0x00000000d6c80000,0x00000000d70ce740,0x00000000d7100000)
  to   space 4096K, 0% used [0x00000000d7100000,0x00000000d7100000,0x00000000d7500000)
 ParOldGen       total 68608K, used 10030K [0x0000000080000000, 0x0000000084300000, 0x00000000d5580000)
  object space 68608K, 14% used [0x0000000080000000,0x00000000809cb890,0x0000000084300000)
 Metaspace       used 33009K, committed 33856K, reserved 1114112K
  class space    used 3348K, committed 3712K, reserved 1048576K
}
Event: 12.105 GC heap after
{Heap after GC invocations=11 (full 1):
 PSYoungGen      total 25088K, used 2411K [0x00000000d5580000, 0x00000000d7380000, 0x0000000100000000)
  eden space 22528K, 0% used [0x00000000d5580000,0x00000000d5580000,0x00000000d6b80000)
  from space 2560K, 94% used [0x00000000d7100000,0x00000000d735afa8,0x00000000d7380000)
  to   space 3584K, 0% used [0x00000000d6c80000,0x00000000d6c80000,0x00000000d7000000)
 ParOldGen       total 68608K, used 12993K [0x0000000080000000, 0x0000000084300000, 0x00000000d5580000)
  object space 68608K, 18% used [0x0000000080000000,0x0000000080cb0558,0x0000000084300000)
 Metaspace       used 33009K, committed 33856K, reserved 1114112K
  class space    used 3348K, committed 3712K, reserved 1048576K
}
Event: 12.807 GC heap before
{Heap before GC invocations=12 (full 1):
 PSYoungGen      total 25088K, used 24937K [0x00000000d5580000, 0x00000000d7380000, 0x0000000100000000)
  eden space 22528K, 99% used [0x00000000d5580000,0x00000000d6b7f698,0x00000000d6b80000)
  from space 2560K, 94% used [0x00000000d7100000,0x00000000d735afa8,0x00000000d7380000)
  to   space 3584K, 0% used [0x00000000d6c80000,0x00000000d6c80000,0x00000000d7000000)
 ParOldGen       total 68608K, used 12993K [0x0000000080000000, 0x0000000084300000, 0x00000000d5580000)
  object space 68608K, 18% used [0x0000000080000000,0x0000000080cb0558,0x0000000084300000)
 Metaspace       used 34057K, committed 34880K, reserved 1114112K
  class space    used 3476K, committed 3840K, reserved 1048576K
}
Event: 12.810 GC heap after
{Heap after GC invocations=12 (full 1):
 PSYoungGen      total 25600K, used 448K [0x00000000d5580000, 0x00000000d7180000, 0x0000000100000000)
  eden space 22016K, 0% used [0x00000000d5580000,0x00000000d5580000,0x00000000d6b00000)
  from space 3584K, 12% used [0x00000000d6c80000,0x00000000d6cf0000,0x00000000d7000000)
  to   space 1536K, 0% used [0x00000000d7000000,0x00000000d7000000,0x00000000d7180000)
 ParOldGen       total 68608K, used 15281K [0x0000000080000000, 0x0000000084300000, 0x00000000d5580000)
  object space 68608K, 22% used [0x0000000080000000,0x0000000080eec458,0x0000000084300000)
 Metaspace       used 34057K, committed 34880K, reserved 1114112K
  class space    used 3476K, committed 3840K, reserved 1048576K
}
Event: 13.068 GC heap before
{Heap before GC invocations=13 (full 1):
 PSYoungGen      total 25600K, used 22464K [0x00000000d5580000, 0x00000000d7180000, 0x0000000100000000)
  eden space 22016K, 100% used [0x00000000d5580000,0x00000000d6b00000,0x00000000d6b00000)
  from space 3584K, 12% used [0x00000000d6c80000,0x00000000d6cf0000,0x00000000d7000000)
  to   space 1536K, 0% used [0x00000000d7000000,0x00000000d7000000,0x00000000d7180000)
 ParOldGen       total 68608K, used 15281K [0x0000000080000000, 0x0000000084300000, 0x00000000d5580000)
  object space 68608K, 22% used [0x0000000080000000,0x0000000080eec458,0x0000000084300000)
 Metaspace       used 34832K, committed 35712K, reserved 1114112K
  class space    used 3534K, committed 3904K, reserved 1048576K
}
Event: 13.071 GC heap after
{Heap after GC invocations=13 (full 1):
 PSYoungGen      total 23552K, used 1462K [0x00000000d5580000, 0x00000000d7180000, 0x0000000100000000)
  eden space 22016K, 0% used [0x00000000d5580000,0x00000000d5580000,0x00000000d6b00000)
  from space 1536K, 95% used [0x00000000d7000000,0x00000000d716db50,0x00000000d7180000)
  to   space 2048K, 0% used [0x00000000d6d80000,0x00000000d6d80000,0x00000000d6f80000)
 ParOldGen       total 68608K, used 15553K [0x0000000080000000, 0x0000000084300000, 0x00000000d5580000)
  object space 68608K, 22% used [0x0000000080000000,0x0000000080f30458,0x0000000084300000)
 Metaspace       used 34832K, committed 35712K, reserved 1114112K
  class space    used 3534K, committed 3904K, reserved 1048576K
}
Event: 13.169 GC heap before
{Heap before GC invocations=14 (full 1):
 PSYoungGen      total 23552K, used 21683K [0x00000000d5580000, 0x00000000d7180000, 0x0000000100000000)
  eden space 22016K, 91% used [0x00000000d5580000,0x00000000d693f168,0x00000000d6b00000)
  from space 1536K, 95% used [0x00000000d7000000,0x00000000d716db50,0x00000000d7180000)
  to   space 2048K, 0% used [0x00000000d6d80000,0x00000000d6d80000,0x00000000d6f80000)
 ParOldGen       total 68608K, used 15553K [0x0000000080000000, 0x0000000084300000, 0x00000000d5580000)
  object space 68608K, 22% used [0x0000000080000000,0x0000000080f30458,0x0000000084300000)
 Metaspace       used 34986K, committed 35840K, reserved 1114112K
  class space    used 3534K, committed 3904K, reserved 1048576K
}
Event: 13.170 GC heap after
{Heap after GC invocations=14 (full 1):
 PSYoungGen      total 24064K, used 96K [0x00000000d5580000, 0x00000000d7080000, 0x0000000100000000)
  eden space 22016K, 0% used [0x00000000d5580000,0x00000000d5580000,0x00000000d6b00000)
  from space 2048K, 4% used [0x00000000d6d80000,0x00000000d6d98000,0x00000000d6f80000)
  to   space 1024K, 0% used [0x00000000d6f80000,0x00000000d6f80000,0x00000000d7080000)
 ParOldGen       total 68608K, used 15927K [0x0000000080000000, 0x0000000084300000, 0x00000000d5580000)
  object space 68608K, 23% used [0x0000000080000000,0x0000000080f8dfd0,0x0000000084300000)
 Metaspace       used 34986K, committed 35840K, reserved 1114112K
  class space    used 3534K, committed 3904K, reserved 1048576K
}
Event: 13.170 GC heap before
{Heap before GC invocations=15 (full 2):
 PSYoungGen      total 24064K, used 96K [0x00000000d5580000, 0x00000000d7080000, 0x0000000100000000)
  eden space 22016K, 0% used [0x00000000d5580000,0x00000000d5580000,0x00000000d6b00000)
  from space 2048K, 4% used [0x00000000d6d80000,0x00000000d6d98000,0x00000000d6f80000)
  to   space 1024K, 0% used [0x00000000d6f80000,0x00000000d6f80000,0x00000000d7080000)
 ParOldGen       total 68608K, used 15927K [0x0000000080000000, 0x0000000084300000, 0x00000000d5580000)
  object space 68608K, 23% used [0x0000000080000000,0x0000000080f8dfd0,0x0000000084300000)
 Metaspace       used 34986K, committed 35840K, reserved 1114112K
  class space    used 3534K, committed 3904K, reserved 1048576K
}
Event: 13.211 GC heap after
{Heap after GC invocations=15 (full 2):
 PSYoungGen      total 24064K, used 0K [0x00000000d5580000, 0x00000000d7080000, 0x0000000100000000)
  eden space 22016K, 0% used [0x00000000d5580000,0x00000000d5580000,0x00000000d6b00000)
  from space 2048K, 0% used [0x00000000d6d80000,0x00000000d6d80000,0x00000000d6f80000)
  to   space 1024K, 0% used [0x00000000d6f80000,0x00000000d6f80000,0x00000000d7080000)
 ParOldGen       total 68608K, used 15508K [0x0000000080000000, 0x0000000084300000, 0x00000000d5580000)
  object space 68608K, 22% used [0x0000000080000000,0x0000000080f252e8,0x0000000084300000)
 Metaspace       used 34986K, committed 35840K, reserved 1114112K
  class space    used 3534K, committed 3904K, reserved 1048576K
}

