# JRE version: OpenJDK Runtime Environment Temurin-21.0.8+9 (21.0.8+9) (build 21.0.8+9-LTS)
# Java VM: OpenJDK 64-Bit Server VM Temurin-21.0.8+9 (21.0.8+9-LTS, mixed mode, sharing, tiered, compressed oops, compressed class ptrs, parallel gc, windows-amd64)
GC Precious Log:
 CardTable entry size: 512
 CPUs: 8 total, 8 available
 Memory: 7555M
 Large Page Support: Disabled
 NUMA Support: Disabled
 Compressed Oops: Enabled (32-bit)
 Alignments: Space 512K, Generation 512K, Heap 2M
 Heap Min Capacity: 100M
 Heap Initial Capacity: 100M
 Heap Max Capacity: 2G
 Pre-touch: Disabled
 Parallel Workers: 8
Heap:
 PSYoungGen      total 20480K, used 16657K [0x00000000d5580000, 0x00000000d7600000, 0x0000000100000000)
  eden space 14848K, 74% used [0x00000000d5580000,0x00000000d604d038,0x00000000d6400000)
  from space 5632K, 99% used [0x00000000d6400000,0x00000000d697ffd0,0x00000000d6980000)
  to   space 9216K, 0% used [0x00000000d6d00000,0x00000000d6d00000,0x00000000d7600000)
 ParOldGen       total 68608K, used 41258K [0x0000000080000000, 0x0000000084300000, 0x00000000d5580000)
  object space 68608K, 60% used [0x0000000080000000,0x000000008284aa00,0x0000000084300000)
 Metaspace       used 56825K, committed 58176K, reserved 1114112K
  class space    used 6136K, committed 6720K, reserved 1048576K
GC Heap History (20 events):
Event: 18.133 GC heap before
{Heap before GC invocations=21 (full 2):
 PSYoungGen      total 17920K, used 17909K [0x00000000d5580000, 0x00000000d7e00000, 0x0000000100000000)
  eden space 15872K, 100% used [0x00000000d5580000,0x00000000d6500000,0x00000000d6500000)
  from space 2048K, 99% used [0x00000000d6e80000,0x00000000d707d758,0x00000000d7080000)
  to   space 9728K, 0% used [0x00000000d6500000,0x00000000d6500000,0x00000000d6e80000)
 ParOldGen       total 68608K, used 27549K [0x0000000080000000, 0x0000000084300000, 0x00000000d5580000)
  object space 68608K, 40% used [0x0000000080000000,0x0000000081ae77a0,0x0000000084300000)
 Metaspace       used 46015K, committed 47232K, reserved 1114112K
  class space    used 5053K, committed 5568K, reserved 1048576K
}
Event: 18.144 GC heap after
{Heap after GC invocations=21 (full 2):
 PSYoungGen      total 17408K, used 1145K [0x00000000d5580000, 0x00000000d6f00000, 0x0000000100000000)
  eden space 15872K, 0% used [0x00000000d5580000,0x00000000d5580000,0x00000000d6500000)
  from space 1536K, 74% used [0x00000000d6500000,0x00000000d661e5e0,0x00000000d6680000)
  to   space 4096K, 0% used [0x00000000d6b00000,0x00000000d6b00000,0x00000000d6f00000)
 ParOldGen       total 68608K, used 29552K [0x0000000080000000, 0x0000000084300000, 0x00000000d5580000)
  object space 68608K, 43% used [0x0000000080000000,0x0000000081cdc310,0x0000000084300000)
 Metaspace       used 46015K, committed 47232K, reserved 1114112K
  class space    used 5053K, committed 5568K, reserved 1048576K
}
Event: 19.634 GC heap before
{Heap before GC invocations=22 (full 2):
 PSYoungGen      total 17408K, used 17017K [0x00000000d5580000, 0x00000000d6f00000, 0x0000000100000000)
  eden space 15872K, 100% used [0x00000000d5580000,0x00000000d6500000,0x00000000d6500000)
  from space 1536K, 74% used [0x00000000d6500000,0x00000000d661e5e0,0x00000000d6680000)
  to   space 4096K, 0% used [0x00000000d6b00000,0x00000000d6b00000,0x00000000d6f00000)
 ParOldGen       total 68608K, used 29552K [0x0000000080000000, 0x0000000084300000, 0x00000000d5580000)
  object space 68608K, 43% used [0x0000000080000000,0x0000000081cdc310,0x0000000084300000)
 Metaspace       used 47984K, committed 49216K, reserved 1114112K
  class space    used 5252K, committed 5760K, reserved 1048576K
}
Event: 19.641 GC heap after
{Heap after GC invocations=22 (full 2):
 PSYoungGen      total 16896K, used 856K [0x00000000d5580000, 0x00000000d6c00000, 0x0000000100000000)
  eden space 15872K, 0% used [0x00000000d5580000,0x00000000d5580000,0x00000000d6500000)
  from space 1024K, 83% used [0x00000000d6b00000,0x00000000d6bd61c8,0x00000000d6c00000)
  to   space 1536K, 0% used [0x00000000d6900000,0x00000000d6900000,0x00000000d6a80000)
 ParOldGen       total 68608K, used 30499K [0x0000000080000000, 0x0000000084300000, 0x00000000d5580000)
  object space 68608K, 44% used [0x0000000080000000,0x0000000081dc8fa0,0x0000000084300000)
 Metaspace       used 47984K, committed 49216K, reserved 1114112K
  class space    used 5252K, committed 5760K, reserved 1048576K
}
Event: 21.060 GC heap before
{Heap before GC invocations=23 (full 2):
 PSYoungGen      total 16896K, used 16728K [0x00000000d5580000, 0x00000000d6c00000, 0x0000000100000000)
  eden space 15872K, 100% used [0x00000000d5580000,0x00000000d6500000,0x00000000d6500000)
  from space 1024K, 83% used [0x00000000d6b00000,0x00000000d6bd61c8,0x00000000d6c00000)
  to   space 1536K, 0% used [0x00000000d6900000,0x00000000d6900000,0x00000000d6a80000)
 ParOldGen       total 68608K, used 30499K [0x0000000080000000, 0x0000000084300000, 0x00000000d5580000)
  object space 68608K, 44% used [0x0000000080000000,0x0000000081dc8fa0,0x0000000084300000)
 Metaspace       used 49466K, committed 50816K, reserved 1114112K
  class space    used 5454K, committed 6016K, reserved 1048576K
}
Event: 21.063 GC heap after
{Heap after GC invocations=23 (full 2):
 PSYoungGen      total 17408K, used 600K [0x00000000d5580000, 0x00000000d6b80000, 0x0000000100000000)
  eden space 15872K, 0% used [0x00000000d5580000,0x00000000d5580000,0x00000000d6500000)
  from space 1536K, 39% used [0x00000000d6900000,0x00000000d69960b0,0x00000000d6a80000)
  to   space 1024K, 0% used [0x00000000d6a80000,0x00000000d6a80000,0x00000000d6b80000)
 ParOldGen       total 68608K, used 31198K [0x0000000080000000, 0x0000000084300000, 0x00000000d5580000)
  object space 68608K, 45% used [0x0000000080000000,0x0000000081e77b30,0x0000000084300000)
 Metaspace       used 49466K, committed 50816K, reserved 1114112K
  class space    used 5454K, committed 6016K, reserved 1048576K
}
Event: 22.307 GC heap before
{Heap before GC invocations=24 (full 2):
 PSYoungGen      total 17408K, used 16472K [0x00000000d5580000, 0x00000000d6b80000, 0x0000000100000000)
  eden space 15872K, 100% used [0x00000000d5580000,0x00000000d6500000,0x00000000d6500000)
  from space 1536K, 39% used [0x00000000d6900000,0x00000000d69960b0,0x00000000d6a80000)
  to   space 1024K, 0% used [0x00000000d6a80000,0x00000000d6a80000,0x00000000d6b80000)
 ParOldGen       total 68608K, used 31198K [0x0000000080000000, 0x0000000084300000, 0x00000000d5580000)
  object space 68608K, 45% used [0x0000000080000000,0x0000000081e77b30,0x0000000084300000)
 Metaspace       used 50267K, committed 51584K, reserved 1114112K
  class space    used 5537K, committed 6080K, reserved 1048576K
}
Event: 22.310 GC heap after
{Heap after GC invocations=24 (full 2):
 PSYoungGen      total 16384K, used 448K [0x00000000d5580000, 0x00000000d6b00000, 0x0000000100000000)
  eden space 15872K, 0% used [0x00000000d5580000,0x00000000d5580000,0x00000000d6500000)
  from space 512K, 87% used [0x00000000d6a80000,0x00000000d6af0010,0x00000000d6b00000)
  to   space 1024K, 0% used [0x00000000d6900000,0x00000000d6900000,0x00000000d6a00000)
 ParOldGen       total 68608K, used 31622K [0x0000000080000000, 0x0000000084300000, 0x00000000d5580000)
  object space 68608K, 46% used [0x0000000080000000,0x0000000081ee1a58,0x0000000084300000)
 Metaspace       used 50267K, committed 51584K, reserved 1114112K
  class space    used 5537K, committed 6080K, reserved 1048576K
}
Event: 22.870 GC heap before
{Heap before GC invocations=25 (full 2):
 PSYoungGen      total 16384K, used 16320K [0x00000000d5580000, 0x00000000d6b00000, 0x0000000100000000)
  eden space 15872K, 100% used [0x00000000d5580000,0x00000000d6500000,0x00000000d6500000)
  from space 512K, 87% used [0x00000000d6a80000,0x00000000d6af0010,0x00000000d6b00000)
  to   space 1024K, 0% used [0x00000000d6900000,0x00000000d6900000,0x00000000d6a00000)
 ParOldGen       total 68608K, used 31622K [0x0000000080000000, 0x0000000084300000, 0x00000000d5580000)
  object space 68608K, 46% used [0x0000000080000000,0x0000000081ee1a58,0x0000000084300000)
 Metaspace       used 51183K, committed 52544K, reserved 1114112K
  class space    used 5612K, committed 6144K, reserved 1048576K
}
Event: 22.874 GC heap after
{Heap after GC invocations=25 (full 2):
 PSYoungGen      total 16896K, used 1013K [0x00000000d5580000, 0x00000000d6b00000, 0x0000000100000000)
  eden space 15872K, 0% used [0x00000000d5580000,0x00000000d5580000,0x00000000d6500000)
  from space 1024K, 98% used [0x00000000d6900000,0x00000000d69fd610,0x00000000d6a00000)
  to   space 1024K, 0% used [0x00000000d6a00000,0x00000000d6a00000,0x00000000d6b00000)
 ParOldGen       total 68608K, used 32547K [0x0000000080000000, 0x0000000084300000, 0x00000000d5580000)
  object space 68608K, 47% used [0x0000000080000000,0x0000000081fc8e80,0x0000000084300000)
 Metaspace       used 51183K, committed 52544K, reserved 1114112K
  class space    used 5612K, committed 6144K, reserved 1048576K
}
Event: 23.087 GC heap before
{Heap before GC invocations=26 (full 2):
 PSYoungGen      total 16896K, used 16885K [0x00000000d5580000, 0x00000000d6b00000, 0x0000000100000000)
  eden space 15872K, 100% used [0x00000000d5580000,0x00000000d6500000,0x00000000d6500000)
  from space 1024K, 98% used [0x00000000d6900000,0x00000000d69fd610,0x00000000d6a00000)
  to   space 1024K, 0% used [0x00000000d6a00000,0x00000000d6a00000,0x00000000d6b00000)
 ParOldGen       total 68608K, used 32547K [0x0000000080000000, 0x0000000084300000, 0x00000000d5580000)
  object space 68608K, 47% used [0x0000000080000000,0x0000000081fc8e80,0x0000000084300000)
 Metaspace       used 51205K, committed 52544K, reserved 1114112K
  class space    used 5612K, committed 6144K, reserved 1048576K
}
Event: 23.088 GC heap after
{Heap after GC invocations=26 (full 2):
 PSYoungGen      total 16896K, used 694K [0x00000000d5580000, 0x00000000d6b00000, 0x0000000100000000)
  eden space 15872K, 0% used [0x00000000d5580000,0x00000000d5580000,0x00000000d6500000)
  from space 1024K, 67% used [0x00000000d6a00000,0x00000000d6aada60,0x00000000d6b00000)
  to   space 1536K, 0% used [0x00000000d6800000,0x00000000d6800000,0x00000000d6980000)
 ParOldGen       total 68608K, used 33935K [0x0000000080000000, 0x0000000084300000, 0x00000000d5580000)
  object space 68608K, 49% used [0x0000000080000000,0x0000000082123f38,0x0000000084300000)
 Metaspace       used 51205K, committed 52544K, reserved 1114112K
  class space    used 5612K, committed 6144K, reserved 1048576K
}
Event: 23.304 GC heap before
{Heap before GC invocations=27 (full 2):
 PSYoungGen      total 16896K, used 16566K [0x00000000d5580000, 0x00000000d6b00000, 0x0000000100000000)
  eden space 15872K, 100% used [0x00000000d5580000,0x00000000d6500000,0x00000000d6500000)
  from space 1024K, 67% used [0x00000000d6a00000,0x00000000d6aada60,0x00000000d6b00000)
  to   space 1536K, 0% used [0x00000000d6800000,0x00000000d6800000,0x00000000d6980000)
 ParOldGen       total 68608K, used 33935K [0x0000000080000000, 0x0000000084300000, 0x00000000d5580000)
  object space 68608K, 49% used [0x0000000080000000,0x0000000082123f38,0x0000000084300000)
 Metaspace       used 51836K, committed 53184K, reserved 1114112K
  class space    used 5663K, committed 6208K, reserved 1048576K
}
Event: 23.307 GC heap after
{Heap after GC invocations=27 (full 2):
 PSYoungGen      total 17408K, used 255K [0x00000000d5580000, 0x00000000d6a80000, 0x0000000100000000)
  eden space 15872K, 0% used [0x00000000d5580000,0x00000000d5580000,0x00000000d6500000)
  from space 1536K, 16% used [0x00000000d6800000,0x00000000d683ff60,0x00000000d6980000)
  to   space 512K, 0% used [0x00000000d6a00000,0x00000000d6a00000,0x00000000d6a80000)
 ParOldGen       total 68608K, used 33959K [0x0000000080000000, 0x0000000084300000, 0x00000000d5580000)
  object space 68608K, 49% used [0x0000000080000000,0x0000000082129f38,0x0000000084300000)
 Metaspace       used 51836K, committed 53184K, reserved 1114112K
  class space    used 5663K, committed 6208K, reserved 1048576K
}
Event: 24.785 GC heap before
{Heap before GC invocations=28 (full 2):
 PSYoungGen      total 17408K, used 16127K [0x00000000d5580000, 0x00000000d6a80000, 0x0000000100000000)
  eden space 15872K, 100% used [0x00000000d5580000,0x00000000d6500000,0x00000000d6500000)
  from space 1536K, 16% used [0x00000000d6800000,0x00000000d683ff60,0x00000000d6980000)
  to   space 512K, 0% used [0x00000000d6a00000,0x00000000d6a00000,0x00000000d6a80000)
 ParOldGen       total 68608K, used 33959K [0x0000000080000000, 0x0000000084300000, 0x00000000d5580000)
  object space 68608K, 49% used [0x0000000080000000,0x0000000082129f38,0x0000000084300000)
 Metaspace       used 54202K, committed 55488K, reserved 1114112K
  class space    used 5886K, committed 6400K, reserved 1048576K
}
Event: 24.791 GC heap after
{Heap after GC invocations=28 (full 2):
 PSYoungGen      total 16384K, used 480K [0x00000000d5580000, 0x00000000d6a80000, 0x0000000100000000)
  eden space 15872K, 0% used [0x00000000d5580000,0x00000000d5580000,0x00000000d6500000)
  from space 512K, 93% used [0x00000000d6a00000,0x00000000d6a78010,0x00000000d6a80000)
  to   space 1024K, 0% used [0x00000000d6880000,0x00000000d6880000,0x00000000d6980000)
 ParOldGen       total 68608K, used 34119K [0x0000000080000000, 0x0000000084300000, 0x00000000d5580000)
  object space 68608K, 49% used [0x0000000080000000,0x0000000082151f38,0x0000000084300000)
 Metaspace       used 54202K, committed 55488K, reserved 1114112K
  class space    used 5886K, committed 6400K, reserved 1048576K
}
Event: 25.665 GC heap before
{Heap before GC invocations=29 (full 2):
 PSYoungGen      total 16384K, used 16301K [0x00000000d5580000, 0x00000000d6a80000, 0x0000000100000000)
  eden space 15872K, 99% used [0x00000000d5580000,0x00000000d64f3428,0x00000000d6500000)
  from space 512K, 93% used [0x00000000d6a00000,0x00000000d6a78010,0x00000000d6a80000)
  to   space 1024K, 0% used [0x00000000d6880000,0x00000000d6880000,0x00000000d6980000)
 ParOldGen       total 68608K, used 34119K [0x0000000080000000, 0x0000000084300000, 0x00000000d5580000)
  object space 68608K, 49% used [0x0000000080000000,0x0000000082151f38,0x0000000084300000)
 Metaspace       used 55923K, committed 57344K, reserved 1114112K
  class space    used 6034K, committed 6656K, reserved 1048576K
}
Event: 25.671 GC heap after
{Heap after GC invocations=29 (full 2):
 PSYoungGen      total 16896K, used 992K [0x00000000d5580000, 0x00000000d6c00000, 0x0000000100000000)
  eden space 15872K, 0% used [0x00000000d5580000,0x00000000d5580000,0x00000000d6500000)
  from space 1024K, 96% used [0x00000000d6880000,0x00000000d6978020,0x00000000d6980000)
  to   space 2560K, 0% used [0x00000000d6980000,0x00000000d6980000,0x00000000d6c00000)
 ParOldGen       total 68608K, used 36138K [0x0000000080000000, 0x0000000084300000, 0x00000000d5580000)
  object space 68608K, 52% used [0x0000000080000000,0x000000008234a878,0x0000000084300000)
 Metaspace       used 55923K, committed 57344K, reserved 1114112K
  class space    used 6034K, committed 6656K, reserved 1048576K
}
Event: 25.884 GC heap before
{Heap before GC invocations=30 (full 2):
 PSYoungGen      total 16896K, used 16864K [0x00000000d5580000, 0x00000000d6c00000, 0x0000000100000000)
  eden space 15872K, 100% used [0x00000000d5580000,0x00000000d6500000,0x00000000d6500000)
  from space 1024K, 96% used [0x00000000d6880000,0x00000000d6978020,0x00000000d6980000)
  to   space 2560K, 0% used [0x00000000d6980000,0x00000000d6980000,0x00000000d6c00000)
 ParOldGen       total 68608K, used 36138K [0x0000000080000000, 0x0000000084300000, 0x00000000d5580000)
  object space 68608K, 52% used [0x0000000080000000,0x000000008234a878,0x0000000084300000)
 Metaspace       used 56634K, committed 58048K, reserved 1114112K
  class space    used 6104K, committed 6720K, reserved 1048576K
}
Event: 25.890 GC heap after
{Heap after GC invocations=30 (full 2):
 PSYoungGen      total 17408K, used 2555K [0x00000000d5580000, 0x00000000d7000000, 0x0000000100000000)
  eden space 14848K, 0% used [0x00000000d5580000,0x00000000d5580000,0x00000000d6400000)
  from space 2560K, 99% used [0x00000000d6980000,0x00000000d6bfee00,0x00000000d6c00000)
  to   space 5632K, 0% used [0x00000000d6400000,0x00000000d6400000,0x00000000d6980000)
 ParOldGen       total 68608K, used 38590K [0x0000000080000000, 0x0000000084300000, 0x00000000d5580000)
  object space 68608K, 56% used [0x0000000080000000,0x00000000825af8b0,0x0000000084300000)
 Metaspace       used 56634K, committed 58048K, reserved 1114112K
  class space    used 6104K, committed 6720K, reserved 1048576K
}

