# JRE version: OpenJDK Runtime Environment Temurin-21.0.8+9 (21.0.8+9) (build 21.0.8+9-LTS)
# Java VM: OpenJDK 64-Bit Server VM Temurin-21.0.8+9 (21.0.8+9-LTS, mixed mode, sharing, tiered, compressed oops, compressed class ptrs, parallel gc, windows-amd64)
GC Precious Log:
 CardTable entry size: 512
 CPUs: 8 total, 8 available
 Memory: 7555M
 Large Page Support: Disabled
 NUMA Support: Disabled
 Compressed Oops: Enabled (32-bit)
 Alignments: Space 512K, Generation 512K, Heap 2M
 Heap Min Capacity: 100M
 Heap Initial Capacity: 100M
 Heap Max Capacity: 2G
 Pre-touch: Disabled
 Parallel Workers: 8
Heap:
 PSYoungGen      total 22016K, used 13838K [0x00000000d5580000, 0x00000000d6f00000, 0x0000000100000000)
  eden space 21504K, 61% used [0x00000000d5580000,0x00000000d6283800,0x00000000d6a80000)
  from space 512K, 100% used [0x00000000d6a80000,0x00000000d6b00000,0x00000000d6b00000)
  to   space 1536K, 0% used [0x00000000d6d80000,0x00000000d6d80000,0x00000000d6f00000)
 ParOldGen       total 68608K, used 22758K [0x0000000080000000, 0x0000000084300000, 0x00000000d5580000)
  object space 68608K, 33% used [0x0000000080000000,0x0000000081639860,0x0000000084300000)
 Metaspace       used 37977K, committed 38784K, reserved 1114112K
  class space    used 3835K, committed 4160K, reserved 1048576K
GC Heap History (20 events):
Event: 12.250 GC heap before
{Heap before GC invocations=12 (full 1):
 PSYoungGen      total 24576K, used 24403K [0x00000000d5580000, 0x00000000d7380000, 0x0000000100000000)
  eden space 22016K, 100% used [0x00000000d5580000,0x00000000d6b00000,0x00000000d6b00000)
  from space 2560K, 93% used [0x00000000d7100000,0x00000000d7354c00,0x00000000d7380000)
  to   space 3584K, 0% used [0x00000000d6c80000,0x00000000d6c80000,0x00000000d7000000)
 ParOldGen       total 68608K, used 13291K [0x0000000080000000, 0x0000000084300000, 0x00000000d5580000)
  object space 68608K, 19% used [0x0000000080000000,0x0000000080cfae00,0x0000000084300000)
 Metaspace       used 33969K, committed 34816K, reserved 1114112K
  class space    used 3473K, committed 3840K, reserved 1048576K
}
Event: 12.252 GC heap after
{Heap after GC invocations=12 (full 1):
 PSYoungGen      total 25600K, used 416K [0x00000000d5580000, 0x00000000d7180000, 0x0000000100000000)
  eden space 22016K, 0% used [0x00000000d5580000,0x00000000d5580000,0x00000000d6b00000)
  from space 3584K, 11% used [0x00000000d6c80000,0x00000000d6ce8000,0x00000000d7000000)
  to   space 1536K, 0% used [0x00000000d7000000,0x00000000d7000000,0x00000000d7180000)
 ParOldGen       total 68608K, used 15571K [0x0000000080000000, 0x0000000084300000, 0x00000000d5580000)
  object space 68608K, 22% used [0x0000000080000000,0x0000000080f34e30,0x0000000084300000)
 Metaspace       used 33969K, committed 34816K, reserved 1114112K
  class space    used 3473K, committed 3840K, reserved 1048576K
}
Event: 12.484 GC heap before
{Heap before GC invocations=13 (full 1):
 PSYoungGen      total 25600K, used 22432K [0x00000000d5580000, 0x00000000d7180000, 0x0000000100000000)
  eden space 22016K, 100% used [0x00000000d5580000,0x00000000d6b00000,0x00000000d6b00000)
  from space 3584K, 11% used [0x00000000d6c80000,0x00000000d6ce8000,0x00000000d7000000)
  to   space 1536K, 0% used [0x00000000d7000000,0x00000000d7000000,0x00000000d7180000)
 ParOldGen       total 68608K, used 15571K [0x0000000080000000, 0x0000000084300000, 0x00000000d5580000)
  object space 68608K, 22% used [0x0000000080000000,0x0000000080f34e30,0x0000000084300000)
 Metaspace       used 34831K, committed 35712K, reserved 1114112K
  class space    used 3536K, committed 3904K, reserved 1048576K
}
Event: 12.487 GC heap after
{Heap after GC invocations=13 (full 1):
 PSYoungGen      total 23552K, used 1354K [0x00000000d5580000, 0x00000000d7180000, 0x0000000100000000)
  eden space 22016K, 0% used [0x00000000d5580000,0x00000000d5580000,0x00000000d6b00000)
  from space 1536K, 88% used [0x00000000d7000000,0x00000000d7152850,0x00000000d7180000)
  to   space 2048K, 0% used [0x00000000d6d80000,0x00000000d6d80000,0x00000000d6f80000)
 ParOldGen       total 68608K, used 15835K [0x0000000080000000, 0x0000000084300000, 0x00000000d5580000)
  object space 68608K, 23% used [0x0000000080000000,0x0000000080f76e30,0x0000000084300000)
 Metaspace       used 34831K, committed 35712K, reserved 1114112K
  class space    used 3536K, committed 3904K, reserved 1048576K
}
Event: 12.561 GC heap before
{Heap before GC invocations=14 (full 1):
 PSYoungGen      total 23552K, used 21914K [0x00000000d5580000, 0x00000000d7180000, 0x0000000100000000)
  eden space 22016K, 93% used [0x00000000d5580000,0x00000000d6994170,0x00000000d6b00000)
  from space 1536K, 88% used [0x00000000d7000000,0x00000000d7152850,0x00000000d7180000)
  to   space 2048K, 0% used [0x00000000d6d80000,0x00000000d6d80000,0x00000000d6f80000)
 ParOldGen       total 68608K, used 15835K [0x0000000080000000, 0x0000000084300000, 0x00000000d5580000)
  object space 68608K, 23% used [0x0000000080000000,0x0000000080f76e30,0x0000000084300000)
 Metaspace       used 35023K, committed 35840K, reserved 1114112K
  class space    used 3539K, committed 3904K, reserved 1048576K
}
Event: 12.562 GC heap after
{Heap after GC invocations=14 (full 1):
 PSYoungGen      total 24064K, used 160K [0x00000000d5580000, 0x00000000d7080000, 0x0000000100000000)
  eden space 22016K, 0% used [0x00000000d5580000,0x00000000d5580000,0x00000000d6b00000)
  from space 2048K, 7% used [0x00000000d6d80000,0x00000000d6da8000,0x00000000d6f80000)
  to   space 1024K, 0% used [0x00000000d6f80000,0x00000000d6f80000,0x00000000d7080000)
 ParOldGen       total 68608K, used 16035K [0x0000000080000000, 0x0000000084300000, 0x00000000d5580000)
  object space 68608K, 23% used [0x0000000080000000,0x0000000080fa8e30,0x0000000084300000)
 Metaspace       used 35023K, committed 35840K, reserved 1114112K
  class space    used 3539K, committed 3904K, reserved 1048576K
}
Event: 12.562 GC heap before
{Heap before GC invocations=15 (full 2):
 PSYoungGen      total 24064K, used 160K [0x00000000d5580000, 0x00000000d7080000, 0x0000000100000000)
  eden space 22016K, 0% used [0x00000000d5580000,0x00000000d5580000,0x00000000d6b00000)
  from space 2048K, 7% used [0x00000000d6d80000,0x00000000d6da8000,0x00000000d6f80000)
  to   space 1024K, 0% used [0x00000000d6f80000,0x00000000d6f80000,0x00000000d7080000)
 ParOldGen       total 68608K, used 16035K [0x0000000080000000, 0x0000000084300000, 0x00000000d5580000)
  object space 68608K, 23% used [0x0000000080000000,0x0000000080fa8e30,0x0000000084300000)
 Metaspace       used 35023K, committed 35840K, reserved 1114112K
  class space    used 3539K, committed 3904K, reserved 1048576K
}
Event: 12.602 GC heap after
{Heap after GC invocations=15 (full 2):
 PSYoungGen      total 24064K, used 0K [0x00000000d5580000, 0x00000000d7080000, 0x0000000100000000)
  eden space 22016K, 0% used [0x00000000d5580000,0x00000000d5580000,0x00000000d6b00000)
  from space 2048K, 0% used [0x00000000d6d80000,0x00000000d6d80000,0x00000000d6f80000)
  to   space 1024K, 0% used [0x00000000d6f80000,0x00000000d6f80000,0x00000000d7080000)
 ParOldGen       total 68608K, used 15334K [0x0000000080000000, 0x0000000084300000, 0x00000000d5580000)
  object space 68608K, 22% used [0x0000000080000000,0x0000000080ef9b58,0x0000000084300000)
 Metaspace       used 35023K, committed 35840K, reserved 1114112K
  class space    used 3539K, committed 3904K, reserved 1048576K
}
Event: 14.978 GC heap before
{Heap before GC invocations=16 (full 2):
 PSYoungGen      total 24064K, used 22016K [0x00000000d5580000, 0x00000000d7080000, 0x0000000100000000)
  eden space 22016K, 100% used [0x00000000d5580000,0x00000000d6b00000,0x00000000d6b00000)
  from space 2048K, 0% used [0x00000000d6d80000,0x00000000d6d80000,0x00000000d6f80000)
  to   space 1024K, 0% used [0x00000000d6f80000,0x00000000d6f80000,0x00000000d7080000)
 ParOldGen       total 68608K, used 15334K [0x0000000080000000, 0x0000000084300000, 0x00000000d5580000)
  object space 68608K, 22% used [0x0000000080000000,0x0000000080ef9b58,0x0000000084300000)
 Metaspace       used 37292K, committed 38208K, reserved 1114112K
  class space    used 3769K, committed 4160K, reserved 1048576K
}
Event: 16.980 GC heap after
{Heap after GC invocations=16 (full 2):
 PSYoungGen      total 23040K, used 1018K [0x00000000d5580000, 0x00000000d7080000, 0x0000000100000000)
  eden space 22016K, 0% used [0x00000000d5580000,0x00000000d5580000,0x00000000d6b00000)
  from space 1024K, 99% used [0x00000000d6f80000,0x00000000d707ea78,0x00000000d7080000)
  to   space 2048K, 0% used [0x00000000d6d80000,0x00000000d6d80000,0x00000000d6f80000)
 ParOldGen       total 68608K, used 17295K [0x0000000080000000, 0x0000000084300000, 0x00000000d5580000)
  object space 68608K, 25% used [0x0000000080000000,0x00000000810e3f20,0x0000000084300000)
 Metaspace       used 37292K, committed 38208K, reserved 1114112K
  class space    used 3769K, committed 4160K, reserved 1048576K
}
Event: 19.045 GC heap before
{Heap before GC invocations=17 (full 2):
 PSYoungGen      total 23040K, used 23034K [0x00000000d5580000, 0x00000000d7080000, 0x0000000100000000)
  eden space 22016K, 100% used [0x00000000d5580000,0x00000000d6b00000,0x00000000d6b00000)
  from space 1024K, 99% used [0x00000000d6f80000,0x00000000d707ea78,0x00000000d7080000)
  to   space 2048K, 0% used [0x00000000d6d80000,0x00000000d6d80000,0x00000000d6f80000)
 ParOldGen       total 68608K, used 17295K [0x0000000080000000, 0x0000000084300000, 0x00000000d5580000)
  object space 68608K, 25% used [0x0000000080000000,0x00000000810e3f20,0x0000000084300000)
 Metaspace       used 37297K, committed 38208K, reserved 1114112K
  class space    used 3769K, committed 4160K, reserved 1048576K
}
Event: 19.047 GC heap after
{Heap after GC invocations=17 (full 2):
 PSYoungGen      total 23040K, used 576K [0x00000000d5580000, 0x00000000d7000000, 0x0000000100000000)
  eden space 22016K, 0% used [0x00000000d5580000,0x00000000d5580000,0x00000000d6b00000)
  from space 1024K, 56% used [0x00000000d6d80000,0x00000000d6e10000,0x00000000d6e80000)
  to   space 1536K, 0% used [0x00000000d6e80000,0x00000000d6e80000,0x00000000d7000000)
 ParOldGen       total 68608K, used 18284K [0x0000000080000000, 0x0000000084300000, 0x00000000d5580000)
  object space 68608K, 26% used [0x0000000080000000,0x00000000811db350,0x0000000084300000)
 Metaspace       used 37297K, committed 38208K, reserved 1114112K
  class space    used 3769K, committed 4160K, reserved 1048576K
}
Event: 19.078 GC heap before
{Heap before GC invocations=18 (full 2):
 PSYoungGen      total 23040K, used 22592K [0x00000000d5580000, 0x00000000d7000000, 0x0000000100000000)
  eden space 22016K, 100% used [0x00000000d5580000,0x00000000d6b00000,0x00000000d6b00000)
  from space 1024K, 56% used [0x00000000d6d80000,0x00000000d6e10000,0x00000000d6e80000)
  to   space 1536K, 0% used [0x00000000d6e80000,0x00000000d6e80000,0x00000000d7000000)
 ParOldGen       total 68608K, used 18284K [0x0000000080000000, 0x0000000084300000, 0x00000000d5580000)
  object space 68608K, 26% used [0x0000000080000000,0x00000000811db350,0x0000000084300000)
 Metaspace       used 37297K, committed 38208K, reserved 1114112K
  class space    used 3769K, committed 4160K, reserved 1048576K
}
Event: 19.079 GC heap after
{Heap after GC invocations=18 (full 2):
 PSYoungGen      total 23040K, used 672K [0x00000000d5580000, 0x00000000d6f80000, 0x0000000100000000)
  eden space 22016K, 0% used [0x00000000d5580000,0x00000000d5580000,0x00000000d6b00000)
  from space 1024K, 65% used [0x00000000d6e80000,0x00000000d6f28000,0x00000000d6f80000)
  to   space 1024K, 0% used [0x00000000d6d80000,0x00000000d6d80000,0x00000000d6e80000)
 ParOldGen       total 68608K, used 18840K [0x0000000080000000, 0x0000000084300000, 0x00000000d5580000)
  object space 68608K, 27% used [0x0000000080000000,0x0000000081266360,0x0000000084300000)
 Metaspace       used 37297K, committed 38208K, reserved 1114112K
  class space    used 3769K, committed 4160K, reserved 1048576K
}
Event: 19.105 GC heap before
{Heap before GC invocations=19 (full 2):
 PSYoungGen      total 23040K, used 22688K [0x00000000d5580000, 0x00000000d6f80000, 0x0000000100000000)
  eden space 22016K, 100% used [0x00000000d5580000,0x00000000d6b00000,0x00000000d6b00000)
  from space 1024K, 65% used [0x00000000d6e80000,0x00000000d6f28000,0x00000000d6f80000)
  to   space 1024K, 0% used [0x00000000d6d80000,0x00000000d6d80000,0x00000000d6e80000)
 ParOldGen       total 68608K, used 18840K [0x0000000080000000, 0x0000000084300000, 0x00000000d5580000)
  object space 68608K, 27% used [0x0000000080000000,0x0000000081266360,0x0000000084300000)
 Metaspace       used 37297K, committed 38208K, reserved 1114112K
  class space    used 3769K, committed 4160K, reserved 1048576K
}
Event: 19.107 GC heap after
{Heap after GC invocations=19 (full 2):
 PSYoungGen      total 23040K, used 704K [0x00000000d5580000, 0x00000000d6f00000, 0x0000000100000000)
  eden space 22016K, 0% used [0x00000000d5580000,0x00000000d5580000,0x00000000d6b00000)
  from space 1024K, 68% used [0x00000000d6d80000,0x00000000d6e30000,0x00000000d6e80000)
  to   space 512K, 0% used [0x00000000d6e80000,0x00000000d6e80000,0x00000000d6f00000)
 ParOldGen       total 68608K, used 19408K [0x0000000080000000, 0x0000000084300000, 0x00000000d5580000)
  object space 68608K, 28% used [0x0000000080000000,0x00000000812f4360,0x0000000084300000)
 Metaspace       used 37297K, committed 38208K, reserved 1114112K
  class space    used 3769K, committed 4160K, reserved 1048576K
}
Event: 19.220 GC heap before
{Heap before GC invocations=20 (full 2):
 PSYoungGen      total 23040K, used 22720K [0x00000000d5580000, 0x00000000d6f00000, 0x0000000100000000)
  eden space 22016K, 100% used [0x00000000d5580000,0x00000000d6b00000,0x00000000d6b00000)
  from space 1024K, 68% used [0x00000000d6d80000,0x00000000d6e30000,0x00000000d6e80000)
  to   space 512K, 0% used [0x00000000d6e80000,0x00000000d6e80000,0x00000000d6f00000)
 ParOldGen       total 68608K, used 19408K [0x0000000080000000, 0x0000000084300000, 0x00000000d5580000)
  object space 68608K, 28% used [0x0000000080000000,0x00000000812f4360,0x0000000084300000)
 Metaspace       used 37387K, committed 38272K, reserved 1114112K
  class space    used 3771K, committed 4160K, reserved 1048576K
}
Event: 19.224 GC heap after
{Heap after GC invocations=20 (full 2):
 PSYoungGen      total 22016K, used 511K [0x00000000d5580000, 0x00000000d7300000, 0x0000000100000000)
  eden space 21504K, 0% used [0x00000000d5580000,0x00000000d5580000,0x00000000d6a80000)
  from space 512K, 99% used [0x00000000d6e80000,0x00000000d6efff28,0x00000000d6f00000)
  to   space 4096K, 0% used [0x00000000d6a80000,0x00000000d6a80000,0x00000000d6e80000)
 ParOldGen       total 68608K, used 22233K [0x0000000080000000, 0x0000000084300000, 0x00000000d5580000)
  object space 68608K, 32% used [0x0000000080000000,0x00000000815b64e0,0x0000000084300000)
 Metaspace       used 37387K, committed 38272K, reserved 1114112K
  class space    used 3771K, committed 4160K, reserved 1048576K
}
Event: 19.258 GC heap before
{Heap before GC invocations=21 (full 2):
 PSYoungGen      total 22016K, used 22015K [0x00000000d5580000, 0x00000000d7300000, 0x0000000100000000)
  eden space 21504K, 100% used [0x00000000d5580000,0x00000000d6a80000,0x00000000d6a80000)
  from space 512K, 99% used [0x00000000d6e80000,0x00000000d6efff28,0x00000000d6f00000)
  to   space 4096K, 0% used [0x00000000d6a80000,0x00000000d6a80000,0x00000000d6e80000)
 ParOldGen       total 68608K, used 22233K [0x0000000080000000, 0x0000000084300000, 0x00000000d5580000)
  object space 68608K, 32% used [0x0000000080000000,0x00000000815b64e0,0x0000000084300000)
 Metaspace       used 37387K, committed 38272K, reserved 1114112K
  class space    used 3771K, committed 4160K, reserved 1048576K
}
Event: 19.259 GC heap after
{Heap after GC invocations=21 (full 2):
 PSYoungGen      total 22016K, used 512K [0x00000000d5580000, 0x00000000d6f00000, 0x0000000100000000)
  eden space 21504K, 0% used [0x00000000d5580000,0x00000000d5580000,0x00000000d6a80000)
  from space 512K, 100% used [0x00000000d6a80000,0x00000000d6b00000,0x00000000d6b00000)
  to   space 1536K, 0% used [0x00000000d6d80000,0x00000000d6d80000,0x00000000d6f00000)
 ParOldGen       total 68608K, used 22758K [0x0000000080000000, 0x0000000084300000, 0x00000000d5580000)
  object space 68608K, 33% used [0x0000000080000000,0x0000000081639860,0x0000000084300000)
 Metaspace       used 37387K, committed 38272K, reserved 1114112K
  class space    used 3771K, committed 4160K, reserved 1048576K
}

