# JRE version: Java(TM) SE Runtime Environment (8.0_431) (build 1.8.0_431-b10)
# Java VM: Java HotSpot(TM) 64-Bit Server VM (25.431-b10 mixed mode windows-amd64 compressed oops)
Heap:
 PSYoungGen      total 50176K, used 35084K [0x00000000d8a00000, 0x00000000dc500000, 0x0000000100000000)
  eden space 39936K, 75% used [0x00000000d8a00000,0x00000000da796c68,0x00000000db100000)
  from space 10240K, 46% used [0x00000000dbb00000,0x00000000dbfac3d0,0x00000000dc500000)
  to   space 10240K, 0% used [0x00000000db100000,0x00000000db100000,0x00000000dbb00000)
 ParOldGen       total 56832K, used 8856K [0x0000000089e00000, 0x000000008d580000, 0x00000000d8a00000)
  object space 56832K, 15% used [0x0000000089e00000,0x000000008a6a6028,0x000000008d580000)
 Metaspace       used 25590K, capacity 26672K, committed 27008K, reserved 1073152K
  class space    used 3102K, capacity 3363K, committed 3456K, reserved 1048576K
GC Heap History (10 events):
Event: 8.247 GC heap before
{Heap before GC invocations=5 (full 0):
 PSYoungGen      total 35840K, used 30349K [0x00000000d8a00000, 0x00000000db200000, 0x0000000100000000)
  eden space 30720K, 82% used [0x00000000d8a00000,0x00000000da2a7630,0x00000000da800000)
  from space 5120K, 99% used [0x00000000dad00000,0x00000000db1fc098,0x00000000db200000)
  to   space 5120K, 0% used [0x00000000da800000,0x00000000da800000,0x00000000dad00000)
 ParOldGen       total 81920K, used 8927K [0x0000000089e00000, 0x000000008ee00000, 0x00000000d8a00000)
  object space 81920K, 10% used [0x0000000089e00000,0x000000008a6b7de8,0x000000008ee00000)
 Metaspace       used 20383K, capacity 21136K, committed 21248K, reserved 1067008K
  class space    used 2536K, capacity 2758K, committed 2816K, reserved 1048576K
Event: 10.264 GC heap after
Heap after GC invocations=5 (full 0):
 PSYoungGen      total 35840K, used 5088K [0x00000000d8a00000, 0x00000000db200000, 0x0000000100000000)
  eden space 30720K, 0% used [0x00000000d8a00000,0x00000000d8a00000,0x00000000da800000)
  from space 5120K, 99% used [0x00000000da800000,0x00000000dacf8068,0x00000000dad00000)
  to   space 5120K, 0% used [0x00000000dad00000,0x00000000dad00000,0x00000000db200000)
 ParOldGen       total 81920K, used 10641K [0x0000000089e00000, 0x000000008ee00000, 0x00000000d8a00000)
  object space 81920K, 12% used [0x0000000089e00000,0x000000008a8647b0,0x000000008ee00000)
 Metaspace       used 20383K, capacity 21136K, committed 21248K, reserved 1067008K
  class space    used 2536K, capacity 2758K, committed 2816K, reserved 1048576K
}
Event: 10.264 GC heap before
{Heap before GC invocations=6 (full 1):
 PSYoungGen      total 35840K, used 5088K [0x00000000d8a00000, 0x00000000db200000, 0x0000000100000000)
  eden space 30720K, 0% used [0x00000000d8a00000,0x00000000d8a00000,0x00000000da800000)
  from space 5120K, 99% used [0x00000000da800000,0x00000000dacf8068,0x00000000dad00000)
  to   space 5120K, 0% used [0x00000000dad00000,0x00000000dad00000,0x00000000db200000)
 ParOldGen       total 81920K, used 10641K [0x0000000089e00000, 0x000000008ee00000, 0x00000000d8a00000)
  object space 81920K, 12% used [0x0000000089e00000,0x000000008a8647b0,0x000000008ee00000)
 Metaspace       used 20383K, capacity 21136K, committed 21248K, reserved 1067008K
  class space    used 2536K, capacity 2758K, committed 2816K, reserved 1048576K
Event: 10.336 GC heap after
Heap after GC invocations=6 (full 1):
 PSYoungGen      total 35840K, used 0K [0x00000000d8a00000, 0x00000000db200000, 0x0000000100000000)
  eden space 30720K, 0% used [0x00000000d8a00000,0x00000000d8a00000,0x00000000da800000)
  from space 5120K, 0% used [0x00000000da800000,0x00000000da800000,0x00000000dad00000)
  to   space 5120K, 0% used [0x00000000dad00000,0x00000000dad00000,0x00000000db200000)
 ParOldGen       total 56832K, used 8832K [0x0000000089e00000, 0x000000008d580000, 0x00000000d8a00000)
  object space 56832K, 15% used [0x0000000089e00000,0x000000008a6a0028,0x000000008d580000)
 Metaspace       used 20383K, capacity 21136K, committed 21248K, reserved 1067008K
  class space    used 2536K, capacity 2758K, committed 2816K, reserved 1048576K
}
Event: 11.447 GC heap before
{Heap before GC invocations=7 (full 1):
 PSYoungGen      total 35840K, used 30720K [0x00000000d8a00000, 0x00000000db200000, 0x0000000100000000)
  eden space 30720K, 100% used [0x00000000d8a00000,0x00000000da800000,0x00000000da800000)
  from space 5120K, 0% used [0x00000000da800000,0x00000000da800000,0x00000000dad00000)
  to   space 5120K, 0% used [0x00000000dad00000,0x00000000dad00000,0x00000000db200000)
 ParOldGen       total 56832K, used 8832K [0x0000000089e00000, 0x000000008d580000, 0x00000000d8a00000)
  object space 56832K, 15% used [0x0000000089e00000,0x000000008a6a0028,0x000000008d580000)
 Metaspace       used 21887K, capacity 22836K, committed 22912K, reserved 1069056K
  class space    used 2663K, capacity 2908K, committed 2944K, reserved 1048576K
Event: 11.451 GC heap after
Heap after GC invocations=7 (full 1):
 PSYoungGen      total 30720K, used 2257K [0x00000000d8a00000, 0x00000000dcc80000, 0x0000000100000000)
  eden space 25600K, 0% used [0x00000000d8a00000,0x00000000d8a00000,0x00000000da300000)
  from space 5120K, 44% used [0x00000000dad00000,0x00000000daf345d8,0x00000000db200000)
  to   space 10240K, 0% used [0x00000000da300000,0x00000000da300000,0x00000000dad00000)
 ParOldGen       total 56832K, used 8840K [0x0000000089e00000, 0x000000008d580000, 0x00000000d8a00000)
  object space 56832K, 15% used [0x0000000089e00000,0x000000008a6a2028,0x000000008d580000)
 Metaspace       used 21887K, capacity 22836K, committed 22912K, reserved 1069056K
  class space    used 2663K, capacity 2908K, committed 2944K, reserved 1048576K
}
Event: 12.217 GC heap before
{Heap before GC invocations=8 (full 1):
 PSYoungGen      total 30720K, used 27857K [0x00000000d8a00000, 0x00000000dcc80000, 0x0000000100000000)
  eden space 25600K, 100% used [0x00000000d8a00000,0x00000000da300000,0x00000000da300000)
  from space 5120K, 44% used [0x00000000dad00000,0x00000000daf345d8,0x00000000db200000)
  to   space 10240K, 0% used [0x00000000da300000,0x00000000da300000,0x00000000dad00000)
 ParOldGen       total 56832K, used 8840K [0x0000000089e00000, 0x000000008d580000, 0x00000000d8a00000)
  object space 56832K, 15% used [0x0000000089e00000,0x000000008a6a2028,0x000000008d580000)
 Metaspace       used 22898K, capacity 23906K, committed 24064K, reserved 1071104K
  class space    used 2732K, capacity 2980K, committed 3072K, reserved 1048576K
Event: 12.223 GC heap after
Heap after GC invocations=8 (full 1):
 PSYoungGen      total 35840K, used 3452K [0x00000000d8a00000, 0x00000000dc580000, 0x0000000100000000)
  eden space 25600K, 0% used [0x00000000d8a00000,0x00000000d8a00000,0x00000000da300000)
  from space 10240K, 33% used [0x00000000da300000,0x00000000da65f2e8,0x00000000dad00000)
  to   space 10752K, 0% used [0x00000000dbb00000,0x00000000dbb00000,0x00000000dc580000)
 ParOldGen       total 56832K, used 8848K [0x0000000089e00000, 0x000000008d580000, 0x00000000d8a00000)
  object space 56832K, 15% used [0x0000000089e00000,0x000000008a6a4028,0x000000008d580000)
 Metaspace       used 22898K, capacity 23906K, committed 24064K, reserved 1071104K
  class space    used 2732K, capacity 2980K, committed 3072K, reserved 1048576K
}
Event: 13.002 GC heap before
{Heap before GC invocations=9 (full 1):
 PSYoungGen      total 35840K, used 29052K [0x00000000d8a00000, 0x00000000dc580000, 0x0000000100000000)
  eden space 25600K, 100% used [0x00000000d8a00000,0x00000000da300000,0x00000000da300000)
  from space 10240K, 33% used [0x00000000da300000,0x00000000da65f2e8,0x00000000dad00000)
  to   space 10752K, 0% used [0x00000000dbb00000,0x00000000dbb00000,0x00000000dc580000)
 ParOldGen       total 56832K, used 8848K [0x0000000089e00000, 0x000000008d580000, 0x00000000d8a00000)
  object space 56832K, 15% used [0x0000000089e00000,0x000000008a6a4028,0x000000008d580000)
 Metaspace       used 23570K, capacity 24638K, committed 24960K, reserved 1071104K
  class space    used 2855K, capacity 3116K, committed 3200K, reserved 1048576K
Event: 13.011 GC heap after
Heap after GC invocations=9 (full 1):
 PSYoungGen      total 50176K, used 4784K [0x00000000d8a00000, 0x00000000dc500000, 0x0000000100000000)
  eden space 39936K, 0% used [0x00000000d8a00000,0x00000000d8a00000,0x00000000db100000)
  from space 10240K, 46% used [0x00000000dbb00000,0x00000000dbfac3d0,0x00000000dc500000)
  to   space 10240K, 0% used [0x00000000db100000,0x00000000db100000,0x00000000dbb00000)
 ParOldGen       total 56832K, used 8856K [0x0000000089e00000, 0x000000008d580000, 0x00000000d8a00000)
  object space 56832K, 15% used [0x0000000089e00000,0x000000008a6a6028,0x000000008d580000)
 Metaspace       used 23570K, capacity 24638K, committed 24960K, reserved 1071104K
  class space    used 2855K, capacity 3116K, committed 3200K, reserved 1048576K
}

