# JRE version: OpenJDK Runtime Environment Temurin-21.0.8+9 (21.0.8+9) (build 21.0.8+9-LTS)
# Java VM: OpenJDK 64-Bit Server VM Temurin-21.0.8+9 (21.0.8+9-LTS, mixed mode, sharing, tiered, compressed oops, compressed class ptrs, parallel gc, windows-amd64)
GC Precious Log:
 CardTable entry size: 512
 CPUs: 8 total, 8 available
 Memory: 7555M
 Large Page Support: Disabled
 NUMA Support: Disabled
 Compressed Oops: Enabled (32-bit)
 Alignments: Space 512K, Generation 512K, Heap 2M
 Heap Min Capacity: 100M
 Heap Initial Capacity: 100M
 Heap Max Capacity: 2G
 Pre-touch: Disabled
 Parallel Workers: 8
Heap:
 PSYoungGen      total 22528K, used 3484K [0x00000000d5580000, 0x00000000d6f00000, 0x0000000100000000)
  eden space 22016K, 14% used [0x00000000d5580000,0x00000000d5887220,0x00000000d6b00000)
  from space 512K, 75% used [0x00000000d6e80000,0x00000000d6ee0000,0x00000000d6f00000)
  to   space 1024K, 0% used [0x00000000d6d00000,0x00000000d6d00000,0x00000000d6e00000)
 ParOldGen       total 68608K, used 15269K [0x0000000080000000, 0x0000000084300000, 0x00000000d5580000)
  object space 68608K, 22% used [0x0000000080000000,0x0000000080ee9450,0x0000000084300000)
 Metaspace       used 37295K, committed 38272K, reserved 1114112K
  class space    used 3781K, committed 4224K, reserved 1048576K
GC Heap History (20 events):
Event: 7.021 GC heap before
{Heap before GC invocations=7 (full 1):
 PSYoungGen      total 30208K, used 5417K [0x00000000d5580000, 0x00000000d7a00000, 0x0000000100000000)
  eden space 24576K, 0% used [0x00000000d5580000,0x00000000d5580000,0x00000000d6d80000)
  from space 5632K, 96% used [0x00000000d7380000,0x00000000d78ca750,0x00000000d7900000)
  to   space 6144K, 0% used [0x00000000d6d80000,0x00000000d6d80000,0x00000000d7380000)
 ParOldGen       total 68608K, used 6664K [0x0000000080000000, 0x0000000084300000, 0x00000000d5580000)
  object space 68608K, 9% used [0x0000000080000000,0x00000000806822b8,0x0000000084300000)
 Metaspace       used 20908K, committed 21504K, reserved 1114112K
  class space    used 2005K, committed 2240K, reserved 1048576K
}
Event: 7.058 GC heap after
{Heap after GC invocations=7 (full 1):
 PSYoungGen      total 30208K, used 0K [0x00000000d5580000, 0x00000000d7a00000, 0x0000000100000000)
  eden space 24576K, 0% used [0x00000000d5580000,0x00000000d5580000,0x00000000d6d80000)
  from space 5632K, 0% used [0x00000000d7380000,0x00000000d7380000,0x00000000d7900000)
  to   space 6144K, 0% used [0x00000000d6d80000,0x00000000d6d80000,0x00000000d7380000)
 ParOldGen       total 68608K, used 10025K [0x0000000080000000, 0x0000000084300000, 0x00000000d5580000)
  object space 68608K, 14% used [0x0000000080000000,0x00000000809ca688,0x0000000084300000)
 Metaspace       used 20895K, committed 21504K, reserved 1114112K
  class space    used 2002K, committed 2240K, reserved 1048576K
}
Event: 8.223 GC heap before
{Heap before GC invocations=8 (full 1):
 PSYoungGen      total 30208K, used 24520K [0x00000000d5580000, 0x00000000d7a00000, 0x0000000100000000)
  eden space 24576K, 99% used [0x00000000d5580000,0x00000000d6d722e0,0x00000000d6d80000)
  from space 5632K, 0% used [0x00000000d7380000,0x00000000d7380000,0x00000000d7900000)
  to   space 6144K, 0% used [0x00000000d6d80000,0x00000000d6d80000,0x00000000d7380000)
 ParOldGen       total 68608K, used 10025K [0x0000000080000000, 0x0000000084300000, 0x00000000d5580000)
  object space 68608K, 14% used [0x0000000080000000,0x00000000809ca688,0x0000000084300000)
 Metaspace       used 25135K, committed 25920K, reserved 1114112K
  class space    used 2448K, committed 2752K, reserved 1048576K
}
Event: 8.227 GC heap after
{Heap after GC invocations=8 (full 1):
 PSYoungGen      total 26624K, used 2313K [0x00000000d5580000, 0x00000000d7400000, 0x0000000100000000)
  eden space 24064K, 0% used [0x00000000d5580000,0x00000000d5580000,0x00000000d6d00000)
  from space 2560K, 90% used [0x00000000d6d80000,0x00000000d6fc24e0,0x00000000d7000000)
  to   space 3584K, 0% used [0x00000000d7080000,0x00000000d7080000,0x00000000d7400000)
 ParOldGen       total 68608K, used 10033K [0x0000000080000000, 0x0000000084300000, 0x00000000d5580000)
  object space 68608K, 14% used [0x0000000080000000,0x00000000809cc688,0x0000000084300000)
 Metaspace       used 25135K, committed 25920K, reserved 1114112K
  class space    used 2448K, committed 2752K, reserved 1048576K
}
Event: 8.920 GC heap before
{Heap before GC invocations=9 (full 1):
 PSYoungGen      total 26624K, used 26377K [0x00000000d5580000, 0x00000000d7400000, 0x0000000100000000)
  eden space 24064K, 100% used [0x00000000d5580000,0x00000000d6d00000,0x00000000d6d00000)
  from space 2560K, 90% used [0x00000000d6d80000,0x00000000d6fc24e0,0x00000000d7000000)
  to   space 3584K, 0% used [0x00000000d7080000,0x00000000d7080000,0x00000000d7400000)
 ParOldGen       total 68608K, used 10033K [0x0000000080000000, 0x0000000084300000, 0x00000000d5580000)
  object space 68608K, 14% used [0x0000000080000000,0x00000000809cc688,0x0000000084300000)
 Metaspace       used 28059K, committed 28864K, reserved 1114112K
  class space    used 2813K, committed 3136K, reserved 1048576K
}
Event: 8.924 GC heap after
{Heap after GC invocations=9 (full 1):
 PSYoungGen      total 27136K, used 3431K [0x00000000d5580000, 0x00000000d7480000, 0x0000000100000000)
  eden space 23552K, 0% used [0x00000000d5580000,0x00000000d5580000,0x00000000d6c80000)
  from space 3584K, 95% used [0x00000000d7080000,0x00000000d73d9fd8,0x00000000d7400000)
  to   space 4096K, 0% used [0x00000000d6c80000,0x00000000d6c80000,0x00000000d7080000)
 ParOldGen       total 68608K, used 10041K [0x0000000080000000, 0x0000000084300000, 0x00000000d5580000)
  object space 68608K, 14% used [0x0000000080000000,0x00000000809ce688,0x0000000084300000)
 Metaspace       used 28059K, committed 28864K, reserved 1114112K
  class space    used 2813K, committed 3136K, reserved 1048576K
}
Event: 10.511 GC heap before
{Heap before GC invocations=10 (full 1):
 PSYoungGen      total 27136K, used 26983K [0x00000000d5580000, 0x00000000d7480000, 0x0000000100000000)
  eden space 23552K, 100% used [0x00000000d5580000,0x00000000d6c80000,0x00000000d6c80000)
  from space 3584K, 95% used [0x00000000d7080000,0x00000000d73d9fd8,0x00000000d7400000)
  to   space 4096K, 0% used [0x00000000d6c80000,0x00000000d6c80000,0x00000000d7080000)
 ParOldGen       total 68608K, used 10041K [0x0000000080000000, 0x0000000084300000, 0x00000000d5580000)
  object space 68608K, 14% used [0x0000000080000000,0x00000000809ce688,0x0000000084300000)
 Metaspace       used 30931K, committed 31744K, reserved 1114112K
  class space    used 3119K, committed 3456K, reserved 1048576K
}
Event: 10.518 GC heap after
{Heap after GC invocations=10 (full 1):
 PSYoungGen      total 27136K, used 4083K [0x00000000d5580000, 0x00000000d7500000, 0x0000000100000000)
  eden space 23040K, 0% used [0x00000000d5580000,0x00000000d5580000,0x00000000d6c00000)
  from space 4096K, 99% used [0x00000000d6c80000,0x00000000d707ced0,0x00000000d7080000)
  to   space 4608K, 0% used [0x00000000d7080000,0x00000000d7080000,0x00000000d7500000)
 ParOldGen       total 68608K, used 10339K [0x0000000080000000, 0x0000000084300000, 0x00000000d5580000)
  object space 68608K, 15% used [0x0000000080000000,0x0000000080a18e40,0x0000000084300000)
 Metaspace       used 30931K, committed 31744K, reserved 1114112K
  class space    used 3119K, committed 3456K, reserved 1048576K
}
Event: 12.703 GC heap before
{Heap before GC invocations=11 (full 1):
 PSYoungGen      total 27136K, used 27062K [0x00000000d5580000, 0x00000000d7500000, 0x0000000100000000)
  eden space 23040K, 99% used [0x00000000d5580000,0x00000000d6bf09f0,0x00000000d6c00000)
  from space 4096K, 99% used [0x00000000d6c80000,0x00000000d707ced0,0x00000000d7080000)
  to   space 4608K, 0% used [0x00000000d7080000,0x00000000d7080000,0x00000000d7500000)
 ParOldGen       total 68608K, used 10339K [0x0000000080000000, 0x0000000084300000, 0x00000000d5580000)
  object space 68608K, 15% used [0x0000000080000000,0x0000000080a18e40,0x0000000084300000)
 Metaspace       used 33380K, committed 34304K, reserved 1114112K
  class space    used 3422K, committed 3776K, reserved 1048576K
}
Event: 12.986 GC heap after
{Heap after GC invocations=11 (full 1):
 PSYoungGen      total 24576K, used 1920K [0x00000000d5580000, 0x00000000d7280000, 0x0000000100000000)
  eden space 22528K, 0% used [0x00000000d5580000,0x00000000d5580000,0x00000000d6b80000)
  from space 2048K, 93% used [0x00000000d7080000,0x00000000d72603a0,0x00000000d7280000)
  to   space 3072K, 0% used [0x00000000d6c80000,0x00000000d6c80000,0x00000000d6f80000)
 ParOldGen       total 68608K, used 13336K [0x0000000080000000, 0x0000000084300000, 0x00000000d5580000)
  object space 68608K, 19% used [0x0000000080000000,0x0000000080d06268,0x0000000084300000)
 Metaspace       used 33380K, committed 34304K, reserved 1114112K
  class space    used 3422K, committed 3776K, reserved 1048576K
}
Event: 13.686 GC heap before
{Heap before GC invocations=12 (full 1):
 PSYoungGen      total 24576K, used 24448K [0x00000000d5580000, 0x00000000d7280000, 0x0000000100000000)
  eden space 22528K, 100% used [0x00000000d5580000,0x00000000d6b80000,0x00000000d6b80000)
  from space 2048K, 93% used [0x00000000d7080000,0x00000000d72603a0,0x00000000d7280000)
  to   space 3072K, 0% used [0x00000000d6c80000,0x00000000d6c80000,0x00000000d6f80000)
 ParOldGen       total 68608K, used 13336K [0x0000000080000000, 0x0000000084300000, 0x00000000d5580000)
  object space 68608K, 19% used [0x0000000080000000,0x0000000080d06268,0x0000000084300000)
 Metaspace       used 34699K, committed 35584K, reserved 1114112K
  class space    used 3556K, committed 3968K, reserved 1048576K
}
Event: 13.690 GC heap after
{Heap after GC invocations=12 (full 1):
 PSYoungGen      total 23552K, used 1485K [0x00000000d5580000, 0x00000000d7100000, 0x0000000100000000)
  eden space 22016K, 0% used [0x00000000d5580000,0x00000000d5580000,0x00000000d6b00000)
  from space 1536K, 96% used [0x00000000d6c80000,0x00000000d6df3520,0x00000000d6e00000)
  to   space 2048K, 0% used [0x00000000d6f00000,0x00000000d6f00000,0x00000000d7100000)
 ParOldGen       total 68608K, used 15103K [0x0000000080000000, 0x0000000084300000, 0x00000000d5580000)
  object space 68608K, 22% used [0x0000000080000000,0x0000000080ebfd30,0x0000000084300000)
 Metaspace       used 34699K, committed 35584K, reserved 1114112K
  class space    used 3556K, committed 3968K, reserved 1048576K
}
Event: 13.741 GC heap before
{Heap before GC invocations=13 (full 1):
 PSYoungGen      total 23552K, used 2563K [0x00000000d5580000, 0x00000000d7100000, 0x0000000100000000)
  eden space 22016K, 4% used [0x00000000d5580000,0x00000000d568d6e0,0x00000000d6b00000)
  from space 1536K, 96% used [0x00000000d6c80000,0x00000000d6df3520,0x00000000d6e00000)
  to   space 2048K, 0% used [0x00000000d6f00000,0x00000000d6f00000,0x00000000d7100000)
 ParOldGen       total 68608K, used 15103K [0x0000000080000000, 0x0000000084300000, 0x00000000d5580000)
  object space 68608K, 22% used [0x0000000080000000,0x0000000080ebfd30,0x0000000084300000)
 Metaspace       used 34987K, committed 35840K, reserved 1114112K
  class space    used 3570K, committed 3968K, reserved 1048576K
}
Event: 13.743 GC heap after
{Heap after GC invocations=13 (full 1):
 PSYoungGen      total 22528K, used 192K [0x00000000d5580000, 0x00000000d6f80000, 0x0000000100000000)
  eden space 22016K, 0% used [0x00000000d5580000,0x00000000d5580000,0x00000000d6b00000)
  from space 512K, 37% used [0x00000000d6f00000,0x00000000d6f30000,0x00000000d6f80000)
  to   space 1024K, 0% used [0x00000000d6d80000,0x00000000d6d80000,0x00000000d6e80000)
 ParOldGen       total 68608K, used 16324K [0x0000000080000000, 0x0000000084300000, 0x00000000d5580000)
  object space 68608K, 23% used [0x0000000080000000,0x0000000080ff1250,0x0000000084300000)
 Metaspace       used 34987K, committed 35840K, reserved 1114112K
  class space    used 3570K, committed 3968K, reserved 1048576K
}
Event: 13.743 GC heap before
{Heap before GC invocations=14 (full 2):
 PSYoungGen      total 22528K, used 192K [0x00000000d5580000, 0x00000000d6f80000, 0x0000000100000000)
  eden space 22016K, 0% used [0x00000000d5580000,0x00000000d5580000,0x00000000d6b00000)
  from space 512K, 37% used [0x00000000d6f00000,0x00000000d6f30000,0x00000000d6f80000)
  to   space 1024K, 0% used [0x00000000d6d80000,0x00000000d6d80000,0x00000000d6e80000)
 ParOldGen       total 68608K, used 16324K [0x0000000080000000, 0x0000000084300000, 0x00000000d5580000)
  object space 68608K, 23% used [0x0000000080000000,0x0000000080ff1250,0x0000000084300000)
 Metaspace       used 34987K, committed 35840K, reserved 1114112K
  class space    used 3570K, committed 3968K, reserved 1048576K
}
Event: 13.789 GC heap after
{Heap after GC invocations=14 (full 2):
 PSYoungGen      total 22528K, used 0K [0x00000000d5580000, 0x00000000d6f80000, 0x0000000100000000)
  eden space 22016K, 0% used [0x00000000d5580000,0x00000000d5580000,0x00000000d6b00000)
  from space 512K, 0% used [0x00000000d6f00000,0x00000000d6f00000,0x00000000d6f80000)
  to   space 1024K, 0% used [0x00000000d6d80000,0x00000000d6d80000,0x00000000d6e80000)
 ParOldGen       total 68608K, used 15165K [0x0000000080000000, 0x0000000084300000, 0x00000000d5580000)
  object space 68608K, 22% used [0x0000000080000000,0x0000000080ecf450,0x0000000084300000)
 Metaspace       used 34987K, committed 35840K, reserved 1114112K
  class space    used 3570K, committed 3968K, reserved 1048576K
}
Event: 14.077 GC heap before
{Heap before GC invocations=15 (full 2):
 PSYoungGen      total 22528K, used 22013K [0x00000000d5580000, 0x00000000d6f80000, 0x0000000100000000)
  eden space 22016K, 99% used [0x00000000d5580000,0x00000000d6aff578,0x00000000d6b00000)
  from space 512K, 0% used [0x00000000d6f00000,0x00000000d6f00000,0x00000000d6f80000)
  to   space 1024K, 0% used [0x00000000d6d80000,0x00000000d6d80000,0x00000000d6e80000)
 ParOldGen       total 68608K, used 15165K [0x0000000080000000, 0x0000000084300000, 0x00000000d5580000)
  object space 68608K, 22% used [0x0000000080000000,0x0000000080ecf450,0x0000000084300000)
 Metaspace       used 35345K, committed 36224K, reserved 1114112K
  class space    used 3598K, committed 4032K, reserved 1048576K
}
Event: 14.083 GC heap after
{Heap after GC invocations=15 (full 2):
 PSYoungGen      total 23040K, used 900K [0x00000000d5580000, 0x00000000d6f80000, 0x0000000100000000)
  eden space 22016K, 0% used [0x00000000d5580000,0x00000000d5580000,0x00000000d6b00000)
  from space 1024K, 87% used [0x00000000d6d80000,0x00000000d6e61158,0x00000000d6e80000)
  to   space 1024K, 0% used [0x00000000d6e80000,0x00000000d6e80000,0x00000000d6f80000)
 ParOldGen       total 68608K, used 15173K [0x0000000080000000, 0x0000000084300000, 0x00000000d5580000)
  object space 68608K, 22% used [0x0000000080000000,0x0000000080ed1450,0x0000000084300000)
 Metaspace       used 35345K, committed 36224K, reserved 1114112K
  class space    used 3598K, committed 4032K, reserved 1048576K
}
Event: 14.683 GC heap before
{Heap before GC invocations=16 (full 2):
 PSYoungGen      total 23040K, used 22916K [0x00000000d5580000, 0x00000000d6f80000, 0x0000000100000000)
  eden space 22016K, 100% used [0x00000000d5580000,0x00000000d6b00000,0x00000000d6b00000)
  from space 1024K, 87% used [0x00000000d6d80000,0x00000000d6e61158,0x00000000d6e80000)
  to   space 1024K, 0% used [0x00000000d6e80000,0x00000000d6e80000,0x00000000d6f80000)
 ParOldGen       total 68608K, used 15173K [0x0000000080000000, 0x0000000084300000, 0x00000000d5580000)
  object space 68608K, 22% used [0x0000000080000000,0x0000000080ed1450,0x0000000084300000)
 Metaspace       used 36800K, committed 37696K, reserved 1114112K
  class space    used 3739K, committed 4160K, reserved 1048576K
}
Event: 14.685 GC heap after
{Heap after GC invocations=16 (full 2):
 PSYoungGen      total 22528K, used 384K [0x00000000d5580000, 0x00000000d6f00000, 0x0000000100000000)
  eden space 22016K, 0% used [0x00000000d5580000,0x00000000d5580000,0x00000000d6b00000)
  from space 512K, 75% used [0x00000000d6e80000,0x00000000d6ee0000,0x00000000d6f00000)
  to   space 1024K, 0% used [0x00000000d6d00000,0x00000000d6d00000,0x00000000d6e00000)
 ParOldGen       total 68608K, used 15269K [0x0000000080000000, 0x0000000084300000, 0x00000000d5580000)
  object space 68608K, 22% used [0x0000000080000000,0x0000000080ee9450,0x0000000084300000)
 Metaspace       used 36800K, committed 37696K, reserved 1114112K
  class space    used 3739K, committed 4160K, reserved 1048576K
}

